date_utc=2026-06-21T07:36:14Z
host=octopus07
job_id=1704318
run_label=current_v0.24.2
comparison_id=PAN027pat_vs_PAN011_joint
parameter_set=literal_p95
threads=32
scratch=/dev/shm/wfmash.1704318.current_v0.24.2.PAN027pat_vs_PAN011_joint.literal_p95
tmp_base=/dev/shm/wfmash.1704318.current_v0.24.2.PAN027pat_vs_PAN011_joint.literal_p95/tmp
target=/moosefs/erikg/phrs/.wg-worktrees/agent-2630/paper_prep/_brainstorming/pedigree_whole_genome_wfmash_p95/inputs/PAN027pat_vs_PAN011_joint.target.fa
query=/moosefs/erikg/phrs/.wg-worktrees/agent-2630/paper_prep/_brainstorming/pedigree_whole_genome_wfmash_p95/inputs/PAN027pat_vs_PAN011_joint.query.fa
output=/moosefs/erikg/phrs/.wg-worktrees/agent-2630/paper_prep/_brainstorming/pedigree_whole_genome_wfmash_p95/raw_paf/current_v0.24.2/PAN027pat_vs_PAN011_joint.literal_p95.wfmash-v0.24.2.paf.gz
wfmash_bin=/moosefs/erikg/phrs/.wg-worktrees/agent-2630/paper_prep/_brainstorming/pedigree_whole_genome_wfmash_p95/tools/wfmash-v0.24.2-built/wfmash
wfmash_realpath=/moosefs/erikg/phrs/.wg-worktrees/agent-2630/paper_prep/_brainstorming/pedigree_whole_genome_wfmash_p95/tools/wfmash-v0.24.2-built/wfmash
wfmash_version=v0.24.2-0-g774c01ff 
wfmash_help_first_line=/moosefs/erikg/phrs/.wg-worktrees/agent-2630/paper_prep/_brainstorming/pedigree_whole_genome_wfmash_p95/tools/wfmash-v0.24.2-built/wfmash
command=/moosefs/erikg/phrs/.wg-worktrees/agent-2630/paper_prep/_brainstorming/pedigree_whole_genome_wfmash_p95/tools/wfmash-v0.24.2-built/wfmash -p 95 -t 32 -B /dev/shm/wfmash.1704318.current_v0.24.2.PAN027pat_vs_PAN011_joint.literal_p95/tmp /dev/shm/wfmash.1704318.current_v0.24.2.PAN027pat_vs_PAN011_joint.literal_p95/target.fa /dev/shm/wfmash.1704318.current_v0.24.2.PAN027pat_vs_PAN011_joint.literal_p95/query.fa > /dev/shm/wfmash.1704318.current_v0.24.2.PAN027pat_vs_PAN011_joint.literal_p95/PAN027pat_vs_PAN011_joint.literal_p95.paf
96312a525e02e7e3ed0f0a73ee3fda22df2977e0c213789084952bcf8ed2c0af  /moosefs/erikg/phrs/.wg-worktrees/agent-2630/paper_prep/_brainstorming/pedigree_whole_genome_wfmash_p95/raw_paf/current_v0.24.2/PAN027pat_vs_PAN011_joint.literal_p95.wfmash-v0.24.2.paf.gz
2835280 /moosefs/erikg/phrs/.wg-worktrees/agent-2630/paper_prep/_brainstorming/pedigree_whole_genome_wfmash_p95/raw_paf/current_v0.24.2/PAN027pat_vs_PAN011_joint.literal_p95.wfmash-v0.24.2.paf.gz
status=OK
