date_utc=2026-06-21T07:36:19Z
host=octopus11
job_id=1704322
run_label=current_v0.24.2
comparison_id=PAN028mat_vs_PAN027_joint
parameter_set=literal_p95
threads=32
scratch=/dev/shm/wfmash.1704322.current_v0.24.2.PAN028mat_vs_PAN027_joint.literal_p95
tmp_base=/dev/shm/wfmash.1704322.current_v0.24.2.PAN028mat_vs_PAN027_joint.literal_p95/tmp
target=/moosefs/erikg/phrs/.wg-worktrees/agent-2630/paper_prep/_brainstorming/pedigree_whole_genome_wfmash_p95/inputs/PAN028mat_vs_PAN027_joint.target.fa
query=/moosefs/erikg/phrs/.wg-worktrees/agent-2630/paper_prep/_brainstorming/pedigree_whole_genome_wfmash_p95/inputs/PAN028mat_vs_PAN027_joint.query.fa
output=/moosefs/erikg/phrs/.wg-worktrees/agent-2630/paper_prep/_brainstorming/pedigree_whole_genome_wfmash_p95/raw_paf/current_v0.24.2/PAN028mat_vs_PAN027_joint.literal_p95.wfmash-v0.24.2.paf.gz
wfmash_bin=/moosefs/erikg/phrs/.wg-worktrees/agent-2630/paper_prep/_brainstorming/pedigree_whole_genome_wfmash_p95/tools/wfmash-v0.24.2-built/wfmash
wfmash_realpath=/moosefs/erikg/phrs/.wg-worktrees/agent-2630/paper_prep/_brainstorming/pedigree_whole_genome_wfmash_p95/tools/wfmash-v0.24.2-built/wfmash
wfmash_version=v0.24.2-0-g774c01ff 
wfmash_help_first_line=/moosefs/erikg/phrs/.wg-worktrees/agent-2630/paper_prep/_brainstorming/pedigree_whole_genome_wfmash_p95/tools/wfmash-v0.24.2-built/wfmash
command=/moosefs/erikg/phrs/.wg-worktrees/agent-2630/paper_prep/_brainstorming/pedigree_whole_genome_wfmash_p95/tools/wfmash-v0.24.2-built/wfmash -p 95 -t 32 -B /dev/shm/wfmash.1704322.current_v0.24.2.PAN028mat_vs_PAN027_joint.literal_p95/tmp /dev/shm/wfmash.1704322.current_v0.24.2.PAN028mat_vs_PAN027_joint.literal_p95/target.fa /dev/shm/wfmash.1704322.current_v0.24.2.PAN028mat_vs_PAN027_joint.literal_p95/query.fa > /dev/shm/wfmash.1704322.current_v0.24.2.PAN028mat_vs_PAN027_joint.literal_p95/PAN028mat_vs_PAN027_joint.literal_p95.paf
c20e9d49a958faf89ab71198ddd3d961e2d23a86803e9865f01d9e5d237db2c4  /moosefs/erikg/phrs/.wg-worktrees/agent-2630/paper_prep/_brainstorming/pedigree_whole_genome_wfmash_p95/raw_paf/current_v0.24.2/PAN028mat_vs_PAN027_joint.literal_p95.wfmash-v0.24.2.paf.gz
13284081 /moosefs/erikg/phrs/.wg-worktrees/agent-2630/paper_prep/_brainstorming/pedigree_whole_genome_wfmash_p95/raw_paf/current_v0.24.2/PAN028mat_vs_PAN027_joint.literal_p95.wfmash-v0.24.2.paf.gz
status=OK
