bash: warning: setlocale: LC_ALL: cannot change locale (en_US.UTF-8)
[wfmash] Parameters: k=15, s=29, w=1000 (split), l=0, c=2000, P=50000, j=100000, D=100000, S=10000, n=inf, r=1, p=95%, t=32, b=9223372036854775807
[wfmash] Filters: skip-self, hg(Δ=0,conf=1), mode=1 (1=map,2=1-to-1,3=none)
[wfmash] Output: /dev/shm/wfmash.1704325.updated_bin_v0.24.2-12-ge040aa10.PAN027pat_vs_PAN011_joint.literal_p95/tmp/wfmash-DDki68
[wfmash] Memory handler installed - will abort cleanly on allocation failure
[wfmash] MashMap v3.5.0
[wfmash] Final parameters: identity=95.0%, sketchSize=29, minimumHits=5, windowLength=1000, kmerSize=15
[wfmash::mashmap] 23 queries (3025368043bp) in 1 groups (≈3025368043bp/group)
[wfmash::mashmap] 46 targets (5950456305bp) in 1 groups (≈5950456305bp/group)
[wfmash::mashmap] Processing 1 target subsets (≈5950456305bp/subset)
[wfmash::mashmap] Processing subset 1/1 (mapping)
[wfmash::mashmap] indexing [0.0% complete, 0/100 units, 0s elapsed]
[wfmash::mashmap] indexing [100.0% complete, 100/100 units, 1s elapsed]
[wfmash::mashmap] building [0.0% complete, 0/343186218 units, 0s elapsed]
[wfmash::mashmap] building [0.1% complete, 292424/343186218 units, 11s elapsed]
[wfmash::mashmap] building [29.0% complete, 99491776/343186218 units, 21s elapsed]
[wfmash::mashmap] building [53.9% complete, 185087923/343186218 units, 31s elapsed]
[wfmash::mashmap] building [78.5% complete, 269426463/343186218 units, 41s elapsed]
[wfmash::mashmap] building [96.2% complete, 330185730/343186218 units, 51s elapsed]
[wfmash::mashmap] building finishing...
[wfmash::mashmap] building [100.0% complete, 343186218/343186218 units, 101s elapsed]
[wfmash::mashmap] building completed.
[wfmash::mashmap] Processed 46 sequences (0 skipped, 5950456305 total bp), 14108502 unique hashes, 330185730 windows
[wfmash::mashmap] Filtered 13000488/343186218 k-mers occurring > 68637 times (target: 0.02%)
[wfmash::mashmap] reference index computed in 347.2s
[wfmash::mashmap] mapping  [0.0% complete, 0/3025368043 units, 0s elapsed]
[wfmash::mashmap] mapping  [0.0% complete, 31000/3025368043 units, 0s elapsed]
[wfmash::mashmap] mapping  [1.0% complete, 30173000/3025368043 units, 10s elapsed]
[wfmash::mashmap] mapping  [2.1% complete, 62725000/3025368043 units, 20s elapsed]
[wfmash::mashmap] mapping  [3.1% complete, 94257000/3025368043 units, 30s elapsed]
[wfmash::mashmap] mapping  [4.2% complete, 126252000/3025368043 units, 40s elapsed]
[wfmash::mashmap] mapping  [5.2% complete, 158360000/3025368043 units, 50s elapsed]
[wfmash::mashmap] mapping  [6.3% complete, 190919000/3025368043 units, 60s elapsed]
[wfmash::mashmap] mapping  [7.4% complete, 222804000/3025368043 units, 70s elapsed]
[wfmash::mashmap] mapping  [8.5% complete, 257438000/3025368043 units, 80s elapsed]
[wfmash::mashmap] mapping  [9.5% complete, 288537000/3025368043 units, 90s elapsed]
[wfmash::mashmap] mapping  [10.6% complete, 321452000/3025368043 units, 100s elapsed]
[wfmash::mashmap] mapping  [11.8% complete, 356438000/3025368043 units, 110s elapsed]
[wfmash::mashmap] mapping  [12.9% complete, 391145000/3025368043 units, 120s elapsed]
[wfmash::mashmap] mapping  [14.1% complete, 426169000/3025368043 units, 130s elapsed]
[wfmash::mashmap] mapping  [14.9% complete, 451607000/3025368043 units, 140s elapsed]
[wfmash::mashmap] mapping  [15.8% complete, 478205000/3025368043 units, 150s elapsed]
[wfmash::mashmap] mapping  [16.7% complete, 505059000/3025368043 units, 160s elapsed]
[wfmash::mashmap] mapping  [17.5% complete, 530750000/3025368043 units, 170s elapsed]
[wfmash::mashmap] mapping  [18.5% complete, 558549000/3025368043 units, 180s elapsed]
[wfmash::mashmap] mapping  [19.5% complete, 589683000/3025368043 units, 190s elapsed]
[wfmash::mashmap] mapping  [20.5% complete, 621478000/3025368043 units, 200s elapsed]
[wfmash::mashmap] mapping  [21.5% complete, 649641000/3025368043 units, 210s elapsed]
[wfmash::mashmap] mapping  [22.5% complete, 679411000/3025368043 units, 220s elapsed]
[wfmash::mashmap] mapping  [23.6% complete, 714590000/3025368043 units, 230s elapsed]
[wfmash::mashmap] mapping  [24.8% complete, 750260000/3025368043 units, 240s elapsed]
[wfmash::mashmap] mapping  [26.0% complete, 785810000/3025368043 units, 250s elapsed]
[wfmash::mashmap] mapping  [27.2% complete, 821810245/3025368043 units, 260s elapsed]
[wfmash::mashmap] mapping  [28.2% complete, 852258245/3025368043 units, 270s elapsed]
[wfmash::mashmap] mapping  [29.3% complete, 885500245/3025368043 units, 280s elapsed]
[wfmash::mashmap] mapping  [30.4% complete, 920144245/3025368043 units, 290s elapsed]
[wfmash::mashmap] mapping  [31.6% complete, 955068245/3025368043 units, 300s elapsed]
[wfmash::mashmap] mapping  [32.7% complete, 989573245/3025368043 units, 310s elapsed]
[wfmash::mashmap] mapping  [33.9% complete, 1025834245/3025368043 units, 320s elapsed]
[wfmash::mashmap] mapping  [35.0% complete, 1057751245/3025368043 units, 330s elapsed]
[wfmash::mashmap] mapping  [36.1% complete, 1091320245/3025368043 units, 340s elapsed]
[wfmash::mashmap] mapping  [37.3% complete, 1127284245/3025368043 units, 350s elapsed]
[wfmash::mashmap] mapping  [38.2% complete, 1156162245/3025368043 units, 360s elapsed]
[wfmash::mashmap] mapping  [39.3% complete, 1188556697/3025368043 units, 370s elapsed]
[wfmash::mashmap] mapping  [40.3% complete, 1220704869/3025368043 units, 380s elapsed]
[wfmash::mashmap] mapping  [41.2% complete, 1247774869/3025368043 units, 390s elapsed]
[wfmash::mashmap] mapping  [42.2% complete, 1278068869/3025368043 units, 400s elapsed]
[wfmash::mashmap] mapping  [43.2% complete, 1307201869/3025368043 units, 410s elapsed]
[wfmash::mashmap] mapping  [44.1% complete, 1333367869/3025368043 units, 420s elapsed]
[wfmash::mashmap] mapping  [44.9% complete, 1358427869/3025368043 units, 430s elapsed]
[wfmash::mashmap] mapping  [45.9% complete, 1389575869/3025368043 units, 440s elapsed]
[wfmash::mashmap] mapping  [46.9% complete, 1417630869/3025368043 units, 450s elapsed]
[wfmash::mashmap] mapping  [47.9% complete, 1449415869/3025368043 units, 460s elapsed]
[wfmash::mashmap] mapping  [49.1% complete, 1484631869/3025368043 units, 470s elapsed]
[wfmash::mashmap] mapping  [50.2% complete, 1517526869/3025368043 units, 480s elapsed]
[wfmash::mashmap] mapping  [51.3% complete, 1551100869/3025368043 units, 490s elapsed]
[wfmash::mashmap] mapping  [52.4% complete, 1584697869/3025368043 units, 500s elapsed]
[wfmash::mashmap] mapping  [53.5% complete, 1619816869/3025368043 units, 510s elapsed]
[wfmash::mashmap] mapping  [54.7% complete, 1655756869/3025368043 units, 520s elapsed]
[wfmash::mashmap] mapping  [55.9% complete, 1690702869/3025368043 units, 530s elapsed]
[wfmash::mashmap] mapping  [56.9% complete, 1720777869/3025368043 units, 540s elapsed]
[wfmash::mashmap] mapping  [58.0% complete, 1755944170/3025368043 units, 550s elapsed]
[wfmash::mashmap] mapping  [59.2% complete, 1789549170/3025368043 units, 560s elapsed]
[wfmash::mashmap] mapping  [60.3% complete, 1823000441/3025368043 units, 570s elapsed]
[wfmash::mashmap] mapping  [61.6% complete, 1864047943/3025368043 units, 580s elapsed]
[wfmash::mashmap] mapping  [63.0% complete, 1905790943/3025368043 units, 590s elapsed]
[wfmash::mashmap] mapping  [64.5% complete, 1951123332/3025368043 units, 600s elapsed]
[wfmash::mashmap] mapping  [66.0% complete, 1996743549/3025368043 units, 610s elapsed]
[wfmash::mashmap] mapping  [67.4% complete, 2038742549/3025368043 units, 620s elapsed]
[wfmash::mashmap] mapping  [68.8% complete, 2080129549/3025368043 units, 630s elapsed]
[wfmash::mashmap] mapping  [70.1% complete, 2119946549/3025368043 units, 640s elapsed]
[wfmash::mashmap] mapping  [71.7% complete, 2167969727/3025368043 units, 650s elapsed]
[wfmash::mashmap] mapping  [72.9% complete, 2206089786/3025368043 units, 660s elapsed]
[wfmash::mashmap] mapping  [74.3% complete, 2247119684/3025368043 units, 670s elapsed]
[wfmash::mashmap] mapping  [75.5% complete, 2283780684/3025368043 units, 680s elapsed]
[wfmash::mashmap] mapping  [76.8% complete, 2323681711/3025368043 units, 690s elapsed]
[wfmash::mashmap] mapping  [78.2% complete, 2366976988/3025368043 units, 700s elapsed]
[wfmash::mashmap] mapping  [79.7% complete, 2410303988/3025368043 units, 710s elapsed]
[wfmash::mashmap] mapping  [81.3% complete, 2459592615/3025368043 units, 720s elapsed]
[wfmash::mashmap] mapping  [82.5% complete, 2497376696/3025368043 units, 730s elapsed]
[wfmash::mashmap] mapping  [83.7% complete, 2532796696/3025368043 units, 740s elapsed]
[wfmash::mashmap] mapping  [84.9% complete, 2569393696/3025368043 units, 750s elapsed]
[wfmash::mashmap] mapping  [86.2% complete, 2607463696/3025368043 units, 760s elapsed]
[wfmash::mashmap] mapping  [87.4% complete, 2643442283/3025368043 units, 770s elapsed]
[wfmash::mashmap] mapping  [88.6% complete, 2681085283/3025368043 units, 780s elapsed]
[wfmash::mashmap] mapping  [89.7% complete, 2714422283/3025368043 units, 790s elapsed]
[wfmash::mashmap] mapping  [90.7% complete, 2744373321/3025368043 units, 800s elapsed]
[wfmash::mashmap] mapping  [91.9% complete, 2780079306/3025368043 units, 810s elapsed]
[wfmash::mashmap] mapping  [92.8% complete, 2806567306/3025368043 units, 820s elapsed]
[wfmash::mashmap] mapping  [93.6% complete, 2831759101/3025368043 units, 830s elapsed]
[wfmash::mashmap] mapping  [94.4% complete, 2856867955/3025368043 units, 840s elapsed]
[wfmash::mashmap] mapping  [95.7% complete, 2894947955/3025368043 units, 850s elapsed]
[wfmash::mashmap] mapping  [97.1% complete, 2938959666/3025368043 units, 860s elapsed]
[wfmash::mashmap] mapping  [98.5% complete, 2978494666/3025368043 units, 870s elapsed]
[wfmash::mashmap] mapping  [100.0% complete, 3025368043/3025368043 units, 880s elapsed]
[wfmash::mashmap] Mapping phase complete, starting post-processing (including scaffold filtering)...
[wfmash::mashmap] Filtering PAN027#2#chr5 took 21.7s
[wfmash::mashmap] Filtering 666872 mappings for PAN027#2#chr2 (244346636bp) [scaffold filtering enabled]...
[wfmash::mashmap] Filtering 2503965 mappings for PAN027#2#chr1 (247769562bp) [scaffold filtering enabled]...
[wfmash::mashmap] Filtering PAN027#2#chr1 took 7.0s
[wfmash::mashmap] Subset processing complete, results saved to: /dev/shm/wfmash.1704325.updated_bin_v0.24.2-12-ge040aa10.PAN027pat_vs_PAN011_joint.literal_p95/tmp/wfmash-DDki68
[wfmash::mashmap] Mapped query in 1271.8s, results saved to: /dev/shm/wfmash.1704325.updated_bin_v0.24.2-12-ge040aa10.PAN027pat_vs_PAN011_joint.literal_p95/tmp/wfmash-DDki68
[wfmash::align] Reference = [/dev/shm/wfmash.1704325.updated_bin_v0.24.2-12-ge040aa10.PAN027pat_vs_PAN011_joint.literal_p95/target.fa]
[wfmash::align] Query = [/dev/shm/wfmash.1704325.updated_bin_v0.24.2-12-ge040aa10.PAN027pat_vs_PAN011_joint.literal_p95/query.fa]
[wfmash::align] Mapping file = /dev/shm/wfmash.1704325.updated_bin_v0.24.2-12-ge040aa10.PAN027pat_vs_PAN011_joint.literal_p95/tmp/wfmash-DDki68
[wfmash::align] Alignment identity cutoff = 0.00%
[wfmash::align] Alignment output file = /dev/stdout
[wfmash::align] Alignment scoring: [mismatch, gap1(o,e), gap2(o,e)[] = [5, 8, 2, 24, 1]
[wfmash::align] Successfully loaded thread-safe FASTA indices
[wfmash::align] time spent loading the reference index: 0.00 sec
[wfmash::align] Found 66591 mapping records for alignment (3316656108 query bp, 3375001909 target bp)
[wfmash::align] aligning [0.2% complete, 5034943/3316656108 units, 0s elapsed]
[wfmash::align] aligning [13.7% complete, 452947364/3316656108 units, 10s elapsed]
[wfmash::align] aligning [41.9% complete, 1388313515/3316656108 units, 20s elapsed]
[wfmash::align] aligning [69.7% complete, 2312545186/3316656108 units, 30s elapsed]
[wfmash::align] aligning [91.8% complete, 3044469586/3316656108 units, 40s elapsed]
[wfmash::align] aligning [100.0% complete, 3316604429/3316656108 units, 50s elapsed]
[wfmash::align] aligning finishing...
[wfmash::align] aligning [100.0% complete, 3316656108/3316656108 units, 55s elapsed]
[wfmash::align] aligning completed.
[wfmash::align] total aligned records = 66591, total aligned bp = 3316656108, completed in 55 seconds
[wfmash::align] time spent computing the alignment: 55.7 sec
[wfmash::align] alignment results saved in: /dev/stdout
