bash: warning: setlocale: LC_ALL: cannot change locale (en_US.UTF-8)
[wfmash] Parameters: k=15, s=29, w=1000 (split), l=0, c=2000, P=50000, j=100000, D=100000, S=10000, n=inf, r=1, p=95%, t=32, b=9223372036854775807
[wfmash] Filters: skip-self, hg(Δ=0,conf=1), mode=1 (1=map,2=1-to-1,3=none)
[wfmash] Output: /dev/shm/wfmash.1704327.updated_bin_v0.24.2-12-ge040aa10.PAN028mat_vs_PAN027_joint.literal_p95/tmp/wfmash-dpr5wD
[wfmash] Memory handler installed - will abort cleanly on allocation failure
[wfmash] MashMap v3.5.0
[wfmash] Final parameters: identity=95.0%, sketchSize=29, minimumHits=5, windowLength=1000, kmerSize=15
[wfmash::mashmap] 23 queries (3036581268bp) in 1 groups (≈3036581268bp/group)
[wfmash::mashmap] 46 targets (6044255741bp) in 1 groups (≈6044255741bp/group)
[wfmash::mashmap] Processing 1 target subsets (≈6044255741bp/subset)
[wfmash::mashmap] Processing subset 1/1 (mapping)
[wfmash::mashmap] indexing [0.0% complete, 0/100 units, 0s elapsed]
[wfmash::mashmap] indexing [100.0% complete, 100/100 units, 1s elapsed]
[wfmash::mashmap] building [0.0% complete, 0/348858169 units, 0s elapsed]
[wfmash::mashmap] building [0.1% complete, 180533/348858169 units, 10s elapsed]
[wfmash::mashmap] building [35.6% complete, 124214544/348858169 units, 20s elapsed]
[wfmash::mashmap] building [66.2% complete, 231019392/348858169 units, 30s elapsed]
[wfmash::mashmap] building [91.0% complete, 317558191/348858169 units, 40s elapsed]
[wfmash::mashmap] building [96.3% complete, 335800169/348858169 units, 50s elapsed]
[wfmash::mashmap] building finishing...
[wfmash::mashmap] building [100.0% complete, 348858169/348858169 units, 87s elapsed]
[wfmash::mashmap] building completed.
[wfmash::mashmap] Processed 46 sequences (0 skipped, 6044255741 total bp), 14096922 unique hashes, 335800169 windows
[wfmash::mashmap] Filtered 13058000/348858169 k-mers occurring > 69771 times (target: 0.02%)
[wfmash::mashmap] reference index computed in 335.0s
[wfmash::mashmap] mapping  [0.0% complete, 0/3036581268 units, 0s elapsed]
[wfmash::mashmap] mapping  [0.0% complete, 27000/3036581268 units, 0s elapsed]
[wfmash::mashmap] mapping  [1.0% complete, 28976000/3036581268 units, 10s elapsed]
[wfmash::mashmap] mapping  [1.9% complete, 58342000/3036581268 units, 20s elapsed]
[wfmash::mashmap] mapping  [3.1% complete, 92833000/3036581268 units, 30s elapsed]
[wfmash::mashmap] mapping  [4.2% complete, 126356000/3036581268 units, 40s elapsed]
[wfmash::mashmap] mapping  [5.2% complete, 157515000/3036581268 units, 50s elapsed]
[wfmash::mashmap] mapping  [6.1% complete, 186718000/3036581268 units, 60s elapsed]
[wfmash::mashmap] mapping  [7.1% complete, 216611000/3036581268 units, 70s elapsed]
[wfmash::mashmap] mapping  [8.1% complete, 244951000/3036581268 units, 80s elapsed]
[wfmash::mashmap] mapping  [9.0% complete, 273806000/3036581268 units, 90s elapsed]
[wfmash::mashmap] mapping  [10.1% complete, 307121000/3036581268 units, 100s elapsed]
[wfmash::mashmap] mapping  [11.1% complete, 336865000/3036581268 units, 110s elapsed]
[wfmash::mashmap] mapping  [12.0% complete, 365462000/3036581268 units, 120s elapsed]
[wfmash::mashmap] mapping  [13.1% complete, 396908000/3036581268 units, 130s elapsed]
[wfmash::mashmap] mapping  [14.2% complete, 430619000/3036581268 units, 140s elapsed]
[wfmash::mashmap] mapping  [15.3% complete, 465249000/3036581268 units, 150s elapsed]
[wfmash::mashmap] mapping  [16.5% complete, 501442000/3036581268 units, 160s elapsed]
[wfmash::mashmap] mapping  [17.7% complete, 537434000/3036581268 units, 170s elapsed]
[wfmash::mashmap] mapping  [18.8% complete, 572164000/3036581268 units, 180s elapsed]
[wfmash::mashmap] mapping  [20.1% complete, 611853000/3036581268 units, 190s elapsed]
[wfmash::mashmap] mapping  [21.1% complete, 642072000/3036581268 units, 200s elapsed]
[wfmash::mashmap] mapping  [22.3% complete, 677906566/3036581268 units, 210s elapsed]
[wfmash::mashmap] mapping  [23.3% complete, 707980566/3036581268 units, 220s elapsed]
[wfmash::mashmap] mapping  [24.3% complete, 738183219/3036581268 units, 230s elapsed]
[wfmash::mashmap] mapping  [25.3% complete, 768677219/3036581268 units, 240s elapsed]
[wfmash::mashmap] mapping  [26.3% complete, 799324219/3036581268 units, 250s elapsed]
[wfmash::mashmap] mapping  [27.3% complete, 830318219/3036581268 units, 260s elapsed]
[wfmash::mashmap] mapping  [28.5% complete, 864713219/3036581268 units, 270s elapsed]
[wfmash::mashmap] mapping  [29.4% complete, 893128219/3036581268 units, 280s elapsed]
[wfmash::mashmap] mapping  [30.4% complete, 923694219/3036581268 units, 290s elapsed]
[wfmash::mashmap] mapping  [31.4% complete, 953598219/3036581268 units, 300s elapsed]
[wfmash::mashmap] mapping  [32.5% complete, 985510803/3036581268 units, 310s elapsed]
[wfmash::mashmap] mapping  [33.3% complete, 1010315400/3036581268 units, 320s elapsed]
[wfmash::mashmap] mapping  [34.2% complete, 1037198400/3036581268 units, 330s elapsed]
[wfmash::mashmap] mapping  [35.1% complete, 1064632400/3036581268 units, 340s elapsed]
[wfmash::mashmap] mapping  [36.1% complete, 1096400400/3036581268 units, 350s elapsed]
[wfmash::mashmap] mapping  [37.1% complete, 1127145400/3036581268 units, 360s elapsed]
[wfmash::mashmap] mapping  [38.1% complete, 1156724400/3036581268 units, 370s elapsed]
[wfmash::mashmap] mapping  [39.3% complete, 1193353757/3036581268 units, 380s elapsed]
[wfmash::mashmap] mapping  [40.5% complete, 1228447757/3036581268 units, 390s elapsed]
[wfmash::mashmap] mapping  [41.5% complete, 1261666757/3036581268 units, 400s elapsed]
[wfmash::mashmap] mapping  [42.6% complete, 1294877757/3036581268 units, 410s elapsed]
[wfmash::mashmap] mapping  [43.7% complete, 1327065757/3036581268 units, 420s elapsed]
[wfmash::mashmap] mapping  [44.7% complete, 1357597757/3036581268 units, 430s elapsed]
[wfmash::mashmap] mapping  [45.7% complete, 1387655757/3036581268 units, 440s elapsed]
[wfmash::mashmap] mapping  [46.8% complete, 1419835757/3036581268 units, 450s elapsed]
[wfmash::mashmap] mapping  [47.7% complete, 1448571302/3036581268 units, 460s elapsed]
[wfmash::mashmap] mapping  [48.7% complete, 1479137302/3036581268 units, 470s elapsed]
[wfmash::mashmap] mapping  [49.7% complete, 1509876302/3036581268 units, 480s elapsed]
[wfmash::mashmap] mapping  [50.7% complete, 1539953302/3036581268 units, 490s elapsed]
[wfmash::mashmap] mapping  [51.9% complete, 1574977302/3036581268 units, 500s elapsed]
[wfmash::mashmap] mapping  [53.0% complete, 1608364302/3036581268 units, 510s elapsed]
[wfmash::mashmap] mapping  [54.0% complete, 1640631302/3036581268 units, 520s elapsed]
[wfmash::mashmap] mapping  [55.3% complete, 1679805302/3036581268 units, 530s elapsed]
[wfmash::mashmap] mapping  [56.8% complete, 1724125517/3036581268 units, 540s elapsed]
[wfmash::mashmap] mapping  [58.0% complete, 1760941609/3036581268 units, 550s elapsed]
[wfmash::mashmap] mapping  [59.2% complete, 1797776609/3036581268 units, 560s elapsed]
[wfmash::mashmap] mapping  [60.4% complete, 1834894538/3036581268 units, 570s elapsed]
[wfmash::mashmap] mapping  [62.2% complete, 1888446996/3036581268 units, 580s elapsed]
[wfmash::mashmap] mapping  [63.3% complete, 1922009996/3036581268 units, 590s elapsed]
[wfmash::mashmap] mapping  [64.4% complete, 1956556996/3036581268 units, 600s elapsed]
[wfmash::mashmap] mapping  [65.8% complete, 1999304996/3036581268 units, 610s elapsed]
[wfmash::mashmap] mapping  [67.2% complete, 2040275996/3036581268 units, 620s elapsed]
[wfmash::mashmap] mapping  [68.5% complete, 2079102996/3036581268 units, 630s elapsed]
[wfmash::mashmap] mapping  [69.8% complete, 2120803607/3036581268 units, 640s elapsed]
[wfmash::mashmap] mapping  [71.2% complete, 2160627607/3036581268 units, 650s elapsed]
[wfmash::mashmap] mapping  [72.4% complete, 2199280223/3036581268 units, 660s elapsed]
[wfmash::mashmap] mapping  [73.8% complete, 2239904223/3036581268 units, 670s elapsed]
[wfmash::mashmap] mapping  [75.2% complete, 2282364223/3036581268 units, 680s elapsed]
[wfmash::mashmap] mapping  [76.6% complete, 2325352223/3036581268 units, 690s elapsed]
[wfmash::mashmap] mapping  [77.8% complete, 2363022223/3036581268 units, 701s elapsed]
[wfmash::mashmap] mapping  [79.2% complete, 2404273223/3036581268 units, 711s elapsed]
[wfmash::mashmap] mapping  [80.6% complete, 2447919223/3036581268 units, 721s elapsed]
[wfmash::mashmap] mapping  [82.1% complete, 2491777421/3036581268 units, 731s elapsed]
[wfmash::mashmap] mapping  [83.5% complete, 2534479047/3036581268 units, 741s elapsed]
[wfmash::mashmap] mapping  [84.8% complete, 2574978047/3036581268 units, 751s elapsed]
[wfmash::mashmap] mapping  [86.1% complete, 2613769569/3036581268 units, 761s elapsed]
[wfmash::mashmap] mapping  [87.5% complete, 2657460562/3036581268 units, 771s elapsed]
[wfmash::mashmap] mapping  [88.9% complete, 2700320930/3036581268 units, 781s elapsed]
[wfmash::mashmap] mapping  [90.4% complete, 2745214303/3036581268 units, 791s elapsed]
[wfmash::mashmap] mapping  [91.8% complete, 2786496536/3036581268 units, 801s elapsed]
[wfmash::mashmap] mapping  [92.8% complete, 2817592635/3036581268 units, 811s elapsed]
[wfmash::mashmap] mapping  [94.1% complete, 2856324646/3036581268 units, 821s elapsed]
[wfmash::mashmap] mapping  [95.2% complete, 2892193882/3036581268 units, 831s elapsed]
[wfmash::mashmap] mapping  [96.2% complete, 2922168046/3036581268 units, 841s elapsed]
[wfmash::mashmap] mapping  [97.2% complete, 2951755046/3036581268 units, 851s elapsed]
[wfmash::mashmap] mapping  [97.9% complete, 2971525046/3036581268 units, 861s elapsed]
[wfmash::mashmap] mapping  [98.4% complete, 2988290046/3036581268 units, 871s elapsed]
[wfmash::mashmap] mapping  [98.9% complete, 3003358659/3036581268 units, 881s elapsed]
[wfmash::mashmap] mapping  [99.3% complete, 3016056659/3036581268 units, 891s elapsed]
[wfmash::mashmap] mapping  [99.9% complete, 3034616659/3036581268 units, 901s elapsed]
[wfmash::mashmap] mapping  [100.0% complete, 3036581268/3036581268 units, 901s elapsed]
[wfmash::mashmap] Mapping phase complete, starting post-processing (including scaffold filtering)...
[wfmash::mashmap] Filtering 37807569 mappings for PAN028#1#chr1 (251033879bp) [scaffold filtering enabled]...
[wfmash::mashmap] Filtering PAN028#1#chr7 took 39.2s
[wfmash::mashmap] Filtering PAN028#1#chr1 took 382.7s
[wfmash::mashmap] Subset processing complete, results saved to: /dev/shm/wfmash.1704327.updated_bin_v0.24.2-12-ge040aa10.PAN028mat_vs_PAN027_joint.literal_p95/tmp/wfmash-dpr5wD
[wfmash::mashmap] Mapped query in 1666.7s, results saved to: /dev/shm/wfmash.1704327.updated_bin_v0.24.2-12-ge040aa10.PAN028mat_vs_PAN027_joint.literal_p95/tmp/wfmash-dpr5wD
[wfmash::align] Reference = [/dev/shm/wfmash.1704327.updated_bin_v0.24.2-12-ge040aa10.PAN028mat_vs_PAN027_joint.literal_p95/target.fa]
[wfmash::align] Query = [/dev/shm/wfmash.1704327.updated_bin_v0.24.2-12-ge040aa10.PAN028mat_vs_PAN027_joint.literal_p95/query.fa]
[wfmash::align] Mapping file = /dev/shm/wfmash.1704327.updated_bin_v0.24.2-12-ge040aa10.PAN028mat_vs_PAN027_joint.literal_p95/tmp/wfmash-dpr5wD
[wfmash::align] Alignment identity cutoff = 0.00%
[wfmash::align] Alignment output file = /dev/stdout
[wfmash::align] Alignment scoring: [mismatch, gap1(o,e), gap2(o,e)[] = [5, 8, 2, 24, 1]
[wfmash::align] Successfully loaded thread-safe FASTA indices
[wfmash::align] time spent loading the reference index: 0.00 sec
[wfmash::align] Found 79735 mapping records for alignment (3800098328 query bp, 3842571232 target bp)
[wfmash::align] aligning [0.0% complete, 943512/3800098328 units, 0s elapsed]
[wfmash::align] aligning [1.8% complete, 68309741/3800098328 units, 10s elapsed]
[wfmash::align] aligning [3.9% complete, 148487179/3800098328 units, 20s elapsed]
[wfmash::align] aligning [8.6% complete, 327479304/3800098328 units, 30s elapsed]
[wfmash::align] aligning [13.4% complete, 508581039/3800098328 units, 40s elapsed]
[wfmash::align] aligning [16.8% complete, 637505811/3800098328 units, 50s elapsed]
[wfmash::align] aligning [16.9% complete, 640409898/3800098328 units, 60s elapsed]
[wfmash::align] aligning [16.9% complete, 642726594/3800098328 units, 70s elapsed]
[wfmash::align] aligning [17.0% complete, 645436112/3800098328 units, 80s elapsed]
[wfmash::align] aligning [27.9% complete, 1061281950/3800098328 units, 90s elapsed]
[wfmash::align] aligning [45.0% complete, 1708488017/3800098328 units, 100s elapsed]
[wfmash::align] aligning [45.0% complete, 1710658789/3800098328 units, 110s elapsed]
[wfmash::align] aligning [45.0% complete, 1711693937/3800098328 units, 120s elapsed]
[wfmash::align] aligning [45.1% complete, 1712648731/3800098328 units, 130s elapsed]
[wfmash::align] aligning [45.1% complete, 1714032985/3800098328 units, 140s elapsed]
[wfmash::align] aligning [45.1% complete, 1715301091/3800098328 units, 150s elapsed]
[wfmash::align] aligning [45.2% complete, 1716340041/3800098328 units, 160s elapsed]
[wfmash::align] aligning [45.2% complete, 1717124199/3800098328 units, 170s elapsed]
[wfmash::align] aligning [45.2% complete, 1717842254/3800098328 units, 180s elapsed]
[wfmash::align] aligning [45.2% complete, 1718893741/3800098328 units, 190s elapsed]
[wfmash::align] aligning [45.2% complete, 1719505356/3800098328 units, 200s elapsed]
[wfmash::align] aligning [45.3% complete, 1720396747/3800098328 units, 210s elapsed]
[wfmash::align] aligning [45.3% complete, 1722339712/3800098328 units, 220s elapsed]
[wfmash::align] aligning [53.7% complete, 2040540030/3800098328 units, 230s elapsed]
[wfmash::align] aligning [55.3% complete, 2103124108/3800098328 units, 240s elapsed]
[wfmash::align] aligning [57.8% complete, 2196725003/3800098328 units, 250s elapsed]
[wfmash::align] aligning [69.2% complete, 2628486957/3800098328 units, 260s elapsed]
[wfmash::align] aligning [73.0% complete, 2773947399/3800098328 units, 270s elapsed]
[wfmash::align] aligning [74.3% complete, 2824508623/3800098328 units, 280s elapsed]
[wfmash::align] aligning [74.4% complete, 2829135840/3800098328 units, 290s elapsed]
[wfmash::align] aligning [74.6% complete, 2835627133/3800098328 units, 300s elapsed]
[wfmash::align] aligning [84.6% complete, 3214062213/3800098328 units, 310s elapsed]
[wfmash::align] aligning [95.5% complete, 3629554773/3800098328 units, 320s elapsed]
[wfmash::align] aligning [95.6% complete, 3633818057/3800098328 units, 330s elapsed]
[wfmash::align] aligning [95.8% complete, 3641607361/3800098328 units, 340s elapsed]
[wfmash::align] aligning [95.9% complete, 3645069194/3800098328 units, 350s elapsed]
[wfmash::align] aligning [96.1% complete, 3650025044/3800098328 units, 360s elapsed]
[wfmash::align] aligning [96.2% complete, 3655000506/3800098328 units, 370s elapsed]
[wfmash::align] aligning [100.0% complete, 3799944130/3800098328 units, 380s elapsed]
[wfmash::align] aligning [100.0% complete, 3800047040/3800098328 units, 390s elapsed]
[wfmash::align] aligning finishing...
[wfmash::align] aligning [100.0% complete, 3800098328/3800098328 units, 401s elapsed]
[wfmash::align] aligning completed.
[wfmash::align] total aligned records = 79735, total aligned bp = 3800098328, completed in 401 seconds
[wfmash::align] time spent computing the alignment: 401.8 sec
[wfmash::align] alignment results saved in: /dev/stdout
