bash: warning: setlocale: LC_ALL: cannot change locale (en_US.UTF-8)
[wfmash] Parameters: k=15, s=29, w=1000 (split), l=0, c=2000, P=50000, j=100000, D=100000, S=10000, n=inf, r=1, p=95%, t=32, b=9223372036854775807
[wfmash] Filters: skip-self, hg(Δ=0,conf=1), mode=1 (1=map,2=1-to-1,3=none)
[wfmash] Output: /dev/shm/wfmash.1704326.updated_bin_v0.24.2-12-ge040aa10.PAN027mat_vs_PAN010_joint.literal_p95/tmp/wfmash-48NfA4
[wfmash] Memory handler installed - will abort cleanly on allocation failure
[wfmash] MashMap v3.5.0
[wfmash] Final parameters: identity=95.0%, sketchSize=29, minimumHits=5, windowLength=1000, kmerSize=15
[wfmash::mashmap] 23 queries (3018887698bp) in 1 groups (≈3018887698bp/group)
[wfmash::mashmap] 46 targets (6060045008bp) in 1 groups (≈6060045008bp/group)
[wfmash::mashmap] Processing 1 target subsets (≈6060045008bp/subset)
[wfmash::mashmap] Processing subset 1/1 (mapping)
[wfmash::mashmap] indexing [0.0% complete, 0/100 units, 0s elapsed]
[wfmash::mashmap] indexing [100.0% complete, 100/100 units, 1s elapsed]
[wfmash::mashmap] building [0.0% complete, 0/349499233 units, 0s elapsed]
[wfmash::mashmap] building [0.6% complete, 2030064/349499233 units, 10s elapsed]
[wfmash::mashmap] building [35.6% complete, 124477493/349499233 units, 20s elapsed]
[wfmash::mashmap] building [65.7% complete, 229496162/349499233 units, 30s elapsed]
[wfmash::mashmap] building [90.1% complete, 314845514/349499233 units, 40s elapsed]
[wfmash::mashmap] building [96.3% complete, 336400403/349499233 units, 50s elapsed]
[wfmash::mashmap] building finishing...
[wfmash::mashmap] building [100.0% complete, 349499233/349499233 units, 85s elapsed]
[wfmash::mashmap] building completed.
[wfmash::mashmap] Processed 46 sequences (0 skipped, 6060045008 total bp), 14101191 unique hashes, 336400403 windows
[wfmash::mashmap] Filtered 13098830/349499233 k-mers occurring > 69899 times (target: 0.02%)
[wfmash::mashmap] reference index computed in 334.7s
[wfmash::mashmap] mapping  [0.0% complete, 0/3018887698 units, 0s elapsed]
[wfmash::mashmap] mapping  [0.0% complete, 16000/3018887698 units, 0s elapsed]
[wfmash::mashmap] mapping  [1.1% complete, 32043000/3018887698 units, 10s elapsed]
[wfmash::mashmap] mapping  [2.3% complete, 67941000/3018887698 units, 20s elapsed]
[wfmash::mashmap] mapping  [3.4% complete, 102926000/3018887698 units, 30s elapsed]
[wfmash::mashmap] mapping  [4.7% complete, 141155000/3018887698 units, 40s elapsed]
[wfmash::mashmap] mapping  [5.8% complete, 174762000/3018887698 units, 50s elapsed]
[wfmash::mashmap] mapping  [6.9% complete, 206947000/3018887698 units, 60s elapsed]
[wfmash::mashmap] mapping  [8.0% complete, 240824000/3018887698 units, 70s elapsed]
[wfmash::mashmap] mapping  [9.1% complete, 275283000/3018887698 units, 80s elapsed]
[wfmash::mashmap] mapping  [10.2% complete, 308842000/3018887698 units, 90s elapsed]
[wfmash::mashmap] mapping  [11.3% complete, 341338000/3018887698 units, 100s elapsed]
[wfmash::mashmap] mapping  [12.2% complete, 367579000/3018887698 units, 110s elapsed]
[wfmash::mashmap] mapping  [13.0% complete, 391426000/3018887698 units, 120s elapsed]
[wfmash::mashmap] mapping  [13.8% complete, 416956000/3018887698 units, 130s elapsed]
[wfmash::mashmap] mapping  [14.7% complete, 443159000/3018887698 units, 140s elapsed]
[wfmash::mashmap] mapping  [15.6% complete, 470937000/3018887698 units, 150s elapsed]
[wfmash::mashmap] mapping  [16.6% complete, 499658000/3018887698 units, 160s elapsed]
[wfmash::mashmap] mapping  [17.6% complete, 531836323/3018887698 units, 170s elapsed]
[wfmash::mashmap] mapping  [18.6% complete, 562673323/3018887698 units, 180s elapsed]
[wfmash::mashmap] mapping  [19.7% complete, 596162323/3018887698 units, 190s elapsed]
[wfmash::mashmap] mapping  [20.8% complete, 628226323/3018887698 units, 200s elapsed]
[wfmash::mashmap] mapping  [22.0% complete, 664145323/3018887698 units, 210s elapsed]
[wfmash::mashmap] mapping  [23.2% complete, 700825323/3018887698 units, 220s elapsed]
[wfmash::mashmap] mapping  [24.3% complete, 734509323/3018887698 units, 230s elapsed]
[wfmash::mashmap] mapping  [25.3% complete, 764693323/3018887698 units, 240s elapsed]
[wfmash::mashmap] mapping  [26.3% complete, 794878323/3018887698 units, 250s elapsed]
[wfmash::mashmap] mapping  [27.3% complete, 822787323/3018887698 units, 260s elapsed]
[wfmash::mashmap] mapping  [28.2% complete, 851319323/3018887698 units, 270s elapsed]
[wfmash::mashmap] mapping  [29.3% complete, 885644323/3018887698 units, 280s elapsed]
[wfmash::mashmap] mapping  [30.4% complete, 916990323/3018887698 units, 290s elapsed]
[wfmash::mashmap] mapping  [31.5% complete, 951023323/3018887698 units, 300s elapsed]
[wfmash::mashmap] mapping  [32.6% complete, 984843323/3018887698 units, 310s elapsed]
[wfmash::mashmap] mapping  [33.7% complete, 1018870683/3018887698 units, 320s elapsed]
[wfmash::mashmap] mapping  [34.9% complete, 1054247683/3018887698 units, 330s elapsed]
[wfmash::mashmap] mapping  [36.0% complete, 1086217683/3018887698 units, 340s elapsed]
[wfmash::mashmap] mapping  [37.1% complete, 1118867413/3018887698 units, 350s elapsed]
[wfmash::mashmap] mapping  [38.3% complete, 1156552914/3018887698 units, 360s elapsed]
[wfmash::mashmap] mapping  [39.5% complete, 1192258914/3018887698 units, 370s elapsed]
[wfmash::mashmap] mapping  [40.5% complete, 1223329914/3018887698 units, 380s elapsed]
[wfmash::mashmap] mapping  [41.6% complete, 1256950914/3018887698 units, 390s elapsed]
[wfmash::mashmap] mapping  [42.8% complete, 1290649652/3018887698 units, 400s elapsed]
[wfmash::mashmap] mapping  [43.7% complete, 1320066533/3018887698 units, 410s elapsed]
[wfmash::mashmap] mapping  [44.7% complete, 1350783850/3018887698 units, 420s elapsed]
[wfmash::mashmap] mapping  [45.8% complete, 1382016850/3018887698 units, 430s elapsed]
[wfmash::mashmap] mapping  [46.9% complete, 1416083850/3018887698 units, 440s elapsed]
[wfmash::mashmap] mapping  [47.9% complete, 1447034850/3018887698 units, 450s elapsed]
[wfmash::mashmap] mapping  [48.9% complete, 1474946850/3018887698 units, 460s elapsed]
[wfmash::mashmap] mapping  [49.7% complete, 1501420850/3018887698 units, 470s elapsed]
[wfmash::mashmap] mapping  [50.9% complete, 1535763541/3018887698 units, 480s elapsed]
[wfmash::mashmap] mapping  [51.9% complete, 1566433624/3018887698 units, 490s elapsed]
[wfmash::mashmap] mapping  [52.9% complete, 1596813624/3018887698 units, 500s elapsed]
[wfmash::mashmap] mapping  [53.9% complete, 1627282624/3018887698 units, 510s elapsed]
[wfmash::mashmap] mapping  [54.9% complete, 1656057624/3018887698 units, 520s elapsed]
[wfmash::mashmap] mapping  [56.1% complete, 1692269497/3018887698 units, 530s elapsed]
[wfmash::mashmap] mapping  [57.1% complete, 1723807497/3018887698 units, 540s elapsed]
[wfmash::mashmap] mapping  [58.2% complete, 1758335497/3018887698 units, 550s elapsed]
[wfmash::mashmap] mapping  [59.5% complete, 1796424497/3018887698 units, 560s elapsed]
[wfmash::mashmap] mapping  [60.9% complete, 1837934497/3018887698 units, 570s elapsed]
[wfmash::mashmap] mapping  [62.2% complete, 1876624497/3018887698 units, 580s elapsed]
[wfmash::mashmap] mapping  [63.6% complete, 1920247786/3018887698 units, 590s elapsed]
[wfmash::mashmap] mapping  [65.0% complete, 1962796786/3018887698 units, 600s elapsed]
[wfmash::mashmap] mapping  [66.3% complete, 2002107786/3018887698 units, 610s elapsed]
[wfmash::mashmap] mapping  [67.6% complete, 2039425786/3018887698 units, 620s elapsed]
[wfmash::mashmap] mapping  [68.7% complete, 2073891786/3018887698 units, 630s elapsed]
[wfmash::mashmap] mapping  [70.1% complete, 2116418786/3018887698 units, 640s elapsed]
[wfmash::mashmap] mapping  [71.4% complete, 2156616570/3018887698 units, 650s elapsed]
[wfmash::mashmap] mapping  [72.7% complete, 2195191581/3018887698 units, 660s elapsed]
[wfmash::mashmap] mapping  [74.0% complete, 2234864581/3018887698 units, 670s elapsed]
[wfmash::mashmap] mapping  [75.4% complete, 2275993581/3018887698 units, 680s elapsed]
[wfmash::mashmap] mapping  [76.6% complete, 2313632581/3018887698 units, 690s elapsed]
[wfmash::mashmap] mapping  [77.9% complete, 2350295581/3018887698 units, 700s elapsed]
[wfmash::mashmap] mapping  [79.1% complete, 2389314581/3018887698 units, 710s elapsed]
[wfmash::mashmap] mapping  [80.4% complete, 2427434581/3018887698 units, 720s elapsed]
[wfmash::mashmap] mapping  [81.6% complete, 2464821581/3018887698 units, 731s elapsed]
[wfmash::mashmap] mapping  [82.9% complete, 2502952581/3018887698 units, 741s elapsed]
[wfmash::mashmap] mapping  [84.3% complete, 2544053581/3018887698 units, 751s elapsed]
[wfmash::mashmap] mapping  [85.4% complete, 2579469581/3018887698 units, 761s elapsed]
[wfmash::mashmap] mapping  [86.7% complete, 2617270349/3018887698 units, 771s elapsed]
[wfmash::mashmap] mapping  [88.0% complete, 2656906349/3018887698 units, 781s elapsed]
[wfmash::mashmap] mapping  [89.2% complete, 2691477461/3018887698 units, 791s elapsed]
[wfmash::mashmap] mapping  [90.3% complete, 2725342442/3018887698 units, 801s elapsed]
[wfmash::mashmap] mapping  [91.3% complete, 2757615150/3018887698 units, 811s elapsed]
[wfmash::mashmap] mapping  [92.4% complete, 2790382237/3018887698 units, 821s elapsed]
[wfmash::mashmap] mapping  [93.5% complete, 2821632237/3018887698 units, 831s elapsed]
[wfmash::mashmap] mapping  [94.5% complete, 2852046237/3018887698 units, 841s elapsed]
[wfmash::mashmap] mapping  [95.6% complete, 2886886197/3018887698 units, 851s elapsed]
[wfmash::mashmap] mapping  [96.9% complete, 2924050540/3018887698 units, 861s elapsed]
[wfmash::mashmap] mapping  [98.3% complete, 2966508342/3018887698 units, 871s elapsed]
[wfmash::mashmap] mapping  [99.7% complete, 3009267397/3018887698 units, 881s elapsed]
[wfmash::mashmap] mapping  [100.0% complete, 3018887698/3018887698 units, 883s elapsed]
[wfmash::mashmap] Mapping phase complete, starting post-processing (including scaffold filtering)...
[wfmash::mashmap] Filtering 2521089 mappings for PAN027#1#chr1 (247024268bp) [scaffold filtering enabled]...
[wfmash::mashmap] Filtering PAN027#1#chr5 took 18.4s
[wfmash::mashmap] Filtering PAN027#1#chr1 took 5.7s
[wfmash::mashmap] Subset processing complete, results saved to: /dev/shm/wfmash.1704326.updated_bin_v0.24.2-12-ge040aa10.PAN027mat_vs_PAN010_joint.literal_p95/tmp/wfmash-48NfA4
[wfmash::mashmap] Mapped query in 1257.3s, results saved to: /dev/shm/wfmash.1704326.updated_bin_v0.24.2-12-ge040aa10.PAN027mat_vs_PAN010_joint.literal_p95/tmp/wfmash-48NfA4
[wfmash::align] Reference = [/dev/shm/wfmash.1704326.updated_bin_v0.24.2-12-ge040aa10.PAN027mat_vs_PAN010_joint.literal_p95/target.fa]
[wfmash::align] Query = [/dev/shm/wfmash.1704326.updated_bin_v0.24.2-12-ge040aa10.PAN027mat_vs_PAN010_joint.literal_p95/query.fa]
[wfmash::align] Mapping file = /dev/shm/wfmash.1704326.updated_bin_v0.24.2-12-ge040aa10.PAN027mat_vs_PAN010_joint.literal_p95/tmp/wfmash-48NfA4
[wfmash::align] Alignment identity cutoff = 0.00%
[wfmash::align] Alignment output file = /dev/stdout
[wfmash::align] Alignment scoring: [mismatch, gap1(o,e), gap2(o,e)[] = [5, 8, 2, 24, 1]
[wfmash::align] Successfully loaded thread-safe FASTA indices
[wfmash::align] time spent loading the reference index: 0.00 sec
[wfmash::align] Found 66634 mapping records for alignment (3322483102 query bp, 3372213796 target bp)
[wfmash::align] aligning [0.2% complete, 8082054/3322483102 units, 0s elapsed]
[wfmash::align] aligning [9.7% complete, 322864070/3322483102 units, 10s elapsed]
[wfmash::align] aligning [17.0% complete, 564689939/3322483102 units, 20s elapsed]
[wfmash::align] aligning [45.2% complete, 1501094076/3322483102 units, 30s elapsed]
[wfmash::align] aligning [76.9% complete, 2556268042/3322483102 units, 40s elapsed]
[wfmash::align] aligning [100.0% complete, 3322457770/3322483102 units, 50s elapsed]
[wfmash::align] aligning finishing...
[wfmash::align] aligning [100.0% complete, 3322483102/3322483102 units, 56s elapsed]
[wfmash::align] aligning completed.
[wfmash::align] total aligned records = 66634, total aligned bp = 3322483102, completed in 56 seconds
[wfmash::align] time spent computing the alignment: 56.2 sec
[wfmash::align] alignment results saved in: /dev/stdout
