bash: warning: setlocale: LC_ALL: cannot change locale (en_US.UTF-8)
started_utc=2026-06-20T20:12:04Z
host=octopus07
job_id=1704307
comparison_id=PAN027pat_vs_PAN011_joint
coordinate_scope=full whole-genome assembly haplotype FASTA records
scratch=/dev/shm/sg.1704307.WsiUJL
scratch_policy=sweepGA/FastGA graph/database/source-adjacent temporaries are explicitly placed under /dev/shm; SLURM_TMPDIR is not used for sweepGA scratch
scratch_fastga_sources=/dev/shm/sg.1704307.WsiUJL/q.fa,/dev/shm/sg.1704307.WsiUJL/t.fa
sweepga=/home/erikg/.cargo/bin/sweepga
sweepga 0.1.1
command=/home/erikg/.cargo/bin/sweepga --fastga --num-mappings many:many --scaffold-jump 0 --temp-dir /dev/shm/sg.1704307.WsiUJL --output-file /dev/shm/sg.1704307.WsiUJL/PAN027pat_vs_PAN011_joint.paf /dev/shm/sg.1704307.WsiUJL/q.fa /dev/shm/sg.1704307.WsiUJL/t.fa
[INFO ] [sweepga::start 0.0s] 2026-06-20 20:12:04 | /home/erikg/.cargo/bin/sweepga --fastga --num-mappings many:many --scaffold-jump 0 --temp-dir /dev/shm/sg.1704307.WsiUJL --output-file /dev/shm/sg.1704307.WsiUJL/PAN027pat_vs_PAN011_joint.paf /dev/shm/sg.1704307.WsiUJL/q.fa /dev/shm/sg.1704307.WsiUJL/t.fa  (rss:3.09 MB disk:0 bytes peak_disk:0 bytes)
[INFO ] [sweepga::tempdir 0.0s] Using temp directory: /dev/shm/sg.1704307.WsiUJL  (rss:3.09 MB disk:0 bytes peak_disk:0 bytes)
[INFO ] [sweepga::detect 0.0s] Input 1: /dev/shm/sg.1704307.WsiUJL/q.fa (Fasta)  (rss:3.09 MB disk:0 bytes peak_disk:0 bytes)
[INFO ] [sweepga::detect 0.0s] Input 2: /dev/shm/sg.1704307.WsiUJL/t.fa (Fasta)  (rss:3.09 MB disk:0 bytes peak_disk:0 bytes)
[INFO ] [sweepga::align 15.4s] Running fastga alignment: /dev/shm/sg.1704307.WsiUJL/q.fa -> /dev/shm/sg.1704307.WsiUJL/t.fa  (rss:4.82 MB disk:0 bytes peak_disk:0 bytes)
[FastGA] prepare_gdb: Converting "/dev/shm/sg.1704307.WsiUJL/q.fa" to GDB
[FastGA] Calling FAtoGDB: /home/erikg/.cargo/bin/FAtoGDB /dev/shm/sg.1704307.WsiUJL/q.fa (TMPDIR=/dev/shm/sg.1704307.WsiUJL)
[FastGA] FAtoGDB completed successfully
[FastGA] create_index: Creating index for /dev/shm/sg.1704307.WsiUJL/q
[FastGA] Calling GIXmake: /home/erikg/.cargo/bin/GIXmake -T8 -P/dev/shm/sg.1704307.WsiUJL /dev/shm/sg.1704307.WsiUJL/q
[FastGA] GIXmake completed successfully
[FastGA] prepare_gdb: Converting "/dev/shm/sg.1704307.WsiUJL/t.fa" to GDB
[FastGA] Calling FAtoGDB: /home/erikg/.cargo/bin/FAtoGDB /dev/shm/sg.1704307.WsiUJL/t.fa (TMPDIR=/dev/shm/sg.1704307.WsiUJL)
[FastGA] FAtoGDB completed successfully
[FastGA] create_index: Creating index for /dev/shm/sg.1704307.WsiUJL/t
[FastGA] Calling GIXmake: /home/erikg/.cargo/bin/GIXmake -T8 -P/dev/shm/sg.1704307.WsiUJL /dev/shm/sg.1704307.WsiUJL/t
[FastGA] GIXmake completed successfully
[FastGA] run_alignment: Aligning /dev/shm/sg.1704307.WsiUJL/q.fa vs /dev/shm/sg.1704307.WsiUJL/t.fa
[FastGA] Calling FastGA: /home/erikg/.cargo/bin/FastGA -1:_tmp_3356_0.1aln -T8 -f2 q.fa t.fa (in dir: /dev/shm/sg.1704307.WsiUJL, TMPDIR=/dev/shm/sg.1704307.WsiUJL)
[FastGA] FastGA completed, converting .1aln to PAF
[FastGA] Conversion completed successfully, output size: 25297874 bytes
[INFO ] [sweepga::align 357.1s] fastga alignment complete (341.7s)  (rss:31.41 MB disk:24.13 MB peak_disk:86.41 GB)
[INFO ] [sweepga::parse 357.1s] Parsing input PAF: /dev/shm/sg.1704307.WsiUJL/.tmp8mZhsL  (rss:31.41 MB disk:24.13 MB peak_disk:86.41 GB)
[INFO ] [sweepga] Plane sweep filtering (no scaffolding)
[INFO ] [sweepga] Summary: 260 → 260 mappings (100.0% kept)
[INFO ] [sweepga]   Output: 3134.3 Mb total, 97.8% avg identity
[INFO ] [sweepga::done] align:341.7s filter:15.5s total:357.3s cpu:0.2x rss:31.41 MB disk_peak:86.41 GB disk_written:86.43 GB
finished_utc=2026-06-20T20:18:03Z
output=/moosefs/erikg/phrs/.wg-worktrees/agent-2616/paper_prep/_brainstorming/pedigree_whole_genome_sweepga_joint_parent/raw_paf/PAN027pat_vs_PAN011_joint.sweepga_many_many_j0.paf.gz
bytes=3508293
