started_utc=2026-06-20T14:18:11Z
host=octopus08
job_id=1704262
comparison_id=PAN027mat_vs_PAN010_hap2
sweepga=/home/erikg/.cargo/bin/sweepga
sweepga 0.1.1
command=/home/erikg/.cargo/bin/sweepga --fastga --num-mappings many:many --scaffold-jump 0 --temp-dir /tmp/sweepga.PAN027mat_vs_PAN010_hap2.1704262.7crKiX --output-file - /moosefs/erikg/phrs/.wg-worktrees/agent-2594/paper_prep/_brainstorming/pedigree_direct_sweepga_concordance/inputs/PAN027mat_vs_PAN010_hap2.query.fa /moosefs/erikg/phrs/.wg-worktrees/agent-2594/paper_prep/_brainstorming/pedigree_direct_sweepga_concordance/inputs/PAN027mat_vs_PAN010_hap2.target.fa
[INFO ] [sweepga::start 0.0s] 2026-06-20 14:18:11 | /home/erikg/.cargo/bin/sweepga --fastga --num-mappings many:many --scaffold-jump 0 --temp-dir /tmp/sweepga.PAN027mat_vs_PAN010_hap2.1704262.7crKiX --output-file - /moosefs/erikg/phrs/.wg-worktrees/agent-2594/paper_prep/_brainstorming/pedigree_direct_sweepga_concordance/inputs/PAN027mat_vs_PAN010_hap2.query.fa /moosefs/erikg/phrs/.wg-worktrees/agent-2594/paper_prep/_brainstorming/pedigree_direct_sweepga_concordance/inputs/PAN027mat_vs_PAN010_hap2.target.fa  (rss:3.25 MB disk:0 bytes peak_disk:0 bytes)
[INFO ] [sweepga::tempdir 0.0s] Using temp directory: /tmp/sweepga.PAN027mat_vs_PAN010_hap2.1704262.7crKiX  (rss:3.25 MB disk:0 bytes peak_disk:0 bytes)
[INFO ] [sweepga::detect 0.0s] Input 1: /moosefs/erikg/phrs/.wg-worktrees/agent-2594/paper_prep/_brainstorming/pedigree_direct_sweepga_concordance/inputs/PAN027mat_vs_PAN010_hap2.query.fa (Fasta)  (rss:3.25 MB disk:0 bytes peak_disk:0 bytes)
[INFO ] [sweepga::detect 0.0s] Input 2: /moosefs/erikg/phrs/.wg-worktrees/agent-2594/paper_prep/_brainstorming/pedigree_direct_sweepga_concordance/inputs/PAN027mat_vs_PAN010_hap2.target.fa (Fasta)  (rss:3.25 MB disk:0 bytes peak_disk:0 bytes)
[INFO ] [sweepga::align 0.1s] Running fastga alignment: /moosefs/erikg/phrs/.wg-worktrees/agent-2594/paper_prep/_brainstorming/pedigree_direct_sweepga_concordance/inputs/PAN027mat_vs_PAN010_hap2.query.fa -> /moosefs/erikg/phrs/.wg-worktrees/agent-2594/paper_prep/_brainstorming/pedigree_direct_sweepga_concordance/inputs/PAN027mat_vs_PAN010_hap2.target.fa  (rss:3.25 MB disk:0 bytes peak_disk:0 bytes)
[FastGA] prepare_gdb: Converting "/moosefs/erikg/phrs/.wg-worktrees/agent-2594/paper_prep/_brainstorming/pedigree_direct_sweepga_concordance/inputs/PAN027mat_vs_PAN010_hap2.query.fa" to GDB
[FastGA] Calling FAtoGDB: /home/erikg/.cargo/bin/FAtoGDB /moosefs/erikg/phrs/.wg-worktrees/agent-2594/paper_prep/_brainstorming/pedigree_direct_sweepga_concordance/inputs/PAN027mat_vs_PAN010_hap2.query.fa (TMPDIR=/tmp/sweepga.PAN027mat_vs_PAN010_hap2.1704262.7crKiX)
[FastGA] FAtoGDB completed successfully
[FastGA] create_index: Creating index for /moosefs/erikg/phrs/.wg-worktrees/agent-2594/paper_prep/_brainstorming/pedigree_direct_sweepga_concordance/inputs/PAN027mat_vs_PAN010_hap2.query
[FastGA] Calling GIXmake: /home/erikg/.cargo/bin/GIXmake -T8 -P/tmp/sweepga.PAN027mat_vs_PAN010_hap2.1704262.7crKiX /moosefs/erikg/phrs/.wg-worktrees/agent-2594/paper_prep/_brainstorming/pedigree_direct_sweepga_concordance/inputs/PAN027mat_vs_PAN010_hap2.query
[FastGA] GIXmake completed successfully
[FastGA] prepare_gdb: Converting "/moosefs/erikg/phrs/.wg-worktrees/agent-2594/paper_prep/_brainstorming/pedigree_direct_sweepga_concordance/inputs/PAN027mat_vs_PAN010_hap2.target.fa" to GDB
[FastGA] Calling FAtoGDB: /home/erikg/.cargo/bin/FAtoGDB /moosefs/erikg/phrs/.wg-worktrees/agent-2594/paper_prep/_brainstorming/pedigree_direct_sweepga_concordance/inputs/PAN027mat_vs_PAN010_hap2.target.fa (TMPDIR=/tmp/sweepga.PAN027mat_vs_PAN010_hap2.1704262.7crKiX)
[FastGA] FAtoGDB completed successfully
[FastGA] create_index: Creating index for /moosefs/erikg/phrs/.wg-worktrees/agent-2594/paper_prep/_brainstorming/pedigree_direct_sweepga_concordance/inputs/PAN027mat_vs_PAN010_hap2.target
[FastGA] Calling GIXmake: /home/erikg/.cargo/bin/GIXmake -T8 -P/tmp/sweepga.PAN027mat_vs_PAN010_hap2.1704262.7crKiX /moosefs/erikg/phrs/.wg-worktrees/agent-2594/paper_prep/_brainstorming/pedigree_direct_sweepga_concordance/inputs/PAN027mat_vs_PAN010_hap2.target
[FastGA] GIXmake completed successfully
[FastGA] run_alignment: Aligning /moosefs/erikg/phrs/.wg-worktrees/agent-2594/paper_prep/_brainstorming/pedigree_direct_sweepga_concordance/inputs/PAN027mat_vs_PAN010_hap2.query.fa vs /moosefs/erikg/phrs/.wg-worktrees/agent-2594/paper_prep/_brainstorming/pedigree_direct_sweepga_concordance/inputs/PAN027mat_vs_PAN010_hap2.target.fa
[FastGA] Calling FastGA: /home/erikg/.cargo/bin/FastGA -1:_tmp_46482_0.1aln -T8 -f2 PAN027mat_vs_PAN010_hap2.query.fa PAN027mat_vs_PAN010_hap2.target.fa (in dir: /moosefs/erikg/phrs/.wg-worktrees/agent-2594/paper_prep/_brainstorming/pedigree_direct_sweepga_concordance/inputs, TMPDIR=/tmp/sweepga.PAN027mat_vs_PAN010_hap2.1704262.7crKiX)
[FastGA] FastGA completed, converting .1aln to PAF
[FastGA] Conversion completed successfully, output size: 907164 bytes
[INFO ] [sweepga::align 39.8s] fastga alignment complete (39.8s)  (rss:6.16 MB disk:885.90 KB peak_disk:1.66 GB)
[INFO ] [sweepga::parse 39.8s] Parsing input PAF: /tmp/sweepga.PAN027mat_vs_PAN010_hap2.1704262.7crKiX/.tmp8wer2P  (rss:7.40 MB disk:885.90 KB peak_disk:1.66 GB)
[INFO ] [sweepga] Plane sweep filtering (no scaffolding)
[INFO ] [sweepga] Summary: 826 → 826 mappings (100.0% kept)
[INFO ] [sweepga]   Output: 26.9 Mb total, 94.8% avg identity
[INFO ] [sweepga::done] align:39.8s filter:0.1s total:39.9s cpu:0.0x rss:8.40 MB disk_peak:1.66 GB disk_written:1.67 GB
finished_utc=2026-06-20T14:18:51Z
output=/moosefs/erikg/phrs/.wg-worktrees/agent-2594/paper_prep/_brainstorming/pedigree_direct_sweepga_concordance/raw_paf/PAN027mat_vs_PAN010_hap2.sweepga_many_many_j0.paf.gz
bytes=20
