started_utc=2026-06-20T14:19:08Z
host=octopus08
job_id=1704269
comparison_id=PAN028mat_vs_PAN027_hap1
sweepga=/home/erikg/.cargo/bin/sweepga
sweepga 0.1.1
command=/home/erikg/.cargo/bin/sweepga --fastga --num-mappings many:many --scaffold-jump 0 --temp-dir /tmp/sweepga.PAN028mat_vs_PAN027_hap1.1704269.qw2Czq --output-file /tmp/sweepga.PAN028mat_vs_PAN027_hap1.1704269.qw2Czq/PAN028mat_vs_PAN027_hap1.paf /moosefs/erikg/phrs/.wg-worktrees/agent-2594/paper_prep/_brainstorming/pedigree_direct_sweepga_concordance/inputs/PAN028mat_vs_PAN027_hap1.query.fa /moosefs/erikg/phrs/.wg-worktrees/agent-2594/paper_prep/_brainstorming/pedigree_direct_sweepga_concordance/inputs/PAN028mat_vs_PAN027_hap1.target.fa
[INFO ] [sweepga::start 0.0s] 2026-06-20 14:19:08 | /home/erikg/.cargo/bin/sweepga --fastga --num-mappings many:many --scaffold-jump 0 --temp-dir /tmp/sweepga.PAN028mat_vs_PAN027_hap1.1704269.qw2Czq --output-file /tmp/sweepga.PAN028mat_vs_PAN027_hap1.1704269.qw2Czq/PAN028mat_vs_PAN027_hap1.paf /moosefs/erikg/phrs/.wg-worktrees/agent-2594/paper_prep/_brainstorming/pedigree_direct_sweepga_concordance/inputs/PAN028mat_vs_PAN027_hap1.query.fa /moosefs/erikg/phrs/.wg-worktrees/agent-2594/paper_prep/_brainstorming/pedigree_direct_sweepga_concordance/inputs/PAN028mat_vs_PAN027_hap1.target.fa  (rss:3.11 MB disk:0 bytes peak_disk:0 bytes)
[INFO ] [sweepga::tempdir 0.0s] Using temp directory: /tmp/sweepga.PAN028mat_vs_PAN027_hap1.1704269.qw2Czq  (rss:3.11 MB disk:0 bytes peak_disk:0 bytes)
[INFO ] [sweepga::detect 0.0s] Input 1: /moosefs/erikg/phrs/.wg-worktrees/agent-2594/paper_prep/_brainstorming/pedigree_direct_sweepga_concordance/inputs/PAN028mat_vs_PAN027_hap1.query.fa (Fasta)  (rss:3.11 MB disk:0 bytes peak_disk:0 bytes)
[INFO ] [sweepga::detect 0.0s] Input 2: /moosefs/erikg/phrs/.wg-worktrees/agent-2594/paper_prep/_brainstorming/pedigree_direct_sweepga_concordance/inputs/PAN028mat_vs_PAN027_hap1.target.fa (Fasta)  (rss:3.11 MB disk:0 bytes peak_disk:0 bytes)
[INFO ] [sweepga::align 0.1s] Running fastga alignment: /moosefs/erikg/phrs/.wg-worktrees/agent-2594/paper_prep/_brainstorming/pedigree_direct_sweepga_concordance/inputs/PAN028mat_vs_PAN027_hap1.query.fa -> /moosefs/erikg/phrs/.wg-worktrees/agent-2594/paper_prep/_brainstorming/pedigree_direct_sweepga_concordance/inputs/PAN028mat_vs_PAN027_hap1.target.fa  (rss:3.11 MB disk:0 bytes peak_disk:0 bytes)
[FastGA] prepare_gdb: Converting "/moosefs/erikg/phrs/.wg-worktrees/agent-2594/paper_prep/_brainstorming/pedigree_direct_sweepga_concordance/inputs/PAN028mat_vs_PAN027_hap1.query.fa" to GDB
[FastGA] Calling FAtoGDB: /home/erikg/.cargo/bin/FAtoGDB /moosefs/erikg/phrs/.wg-worktrees/agent-2594/paper_prep/_brainstorming/pedigree_direct_sweepga_concordance/inputs/PAN028mat_vs_PAN027_hap1.query.fa (TMPDIR=/tmp/sweepga.PAN028mat_vs_PAN027_hap1.1704269.qw2Czq)
[FastGA] FAtoGDB completed successfully
[FastGA] create_index: Creating index for /moosefs/erikg/phrs/.wg-worktrees/agent-2594/paper_prep/_brainstorming/pedigree_direct_sweepga_concordance/inputs/PAN028mat_vs_PAN027_hap1.query
[FastGA] Calling GIXmake: /home/erikg/.cargo/bin/GIXmake -T8 -P/tmp/sweepga.PAN028mat_vs_PAN027_hap1.1704269.qw2Czq /moosefs/erikg/phrs/.wg-worktrees/agent-2594/paper_prep/_brainstorming/pedigree_direct_sweepga_concordance/inputs/PAN028mat_vs_PAN027_hap1.query
[FastGA] GIXmake completed successfully
[FastGA] prepare_gdb: Converting "/moosefs/erikg/phrs/.wg-worktrees/agent-2594/paper_prep/_brainstorming/pedigree_direct_sweepga_concordance/inputs/PAN028mat_vs_PAN027_hap1.target.fa" to GDB
[FastGA] Calling FAtoGDB: /home/erikg/.cargo/bin/FAtoGDB /moosefs/erikg/phrs/.wg-worktrees/agent-2594/paper_prep/_brainstorming/pedigree_direct_sweepga_concordance/inputs/PAN028mat_vs_PAN027_hap1.target.fa (TMPDIR=/tmp/sweepga.PAN028mat_vs_PAN027_hap1.1704269.qw2Czq)
[FastGA] FAtoGDB completed successfully
[FastGA] create_index: Creating index for /moosefs/erikg/phrs/.wg-worktrees/agent-2594/paper_prep/_brainstorming/pedigree_direct_sweepga_concordance/inputs/PAN028mat_vs_PAN027_hap1.target
[FastGA] Calling GIXmake: /home/erikg/.cargo/bin/GIXmake -T8 -P/tmp/sweepga.PAN028mat_vs_PAN027_hap1.1704269.qw2Czq /moosefs/erikg/phrs/.wg-worktrees/agent-2594/paper_prep/_brainstorming/pedigree_direct_sweepga_concordance/inputs/PAN028mat_vs_PAN027_hap1.target
[FastGA] GIXmake completed successfully
[FastGA] run_alignment: Aligning /moosefs/erikg/phrs/.wg-worktrees/agent-2594/paper_prep/_brainstorming/pedigree_direct_sweepga_concordance/inputs/PAN028mat_vs_PAN027_hap1.query.fa vs /moosefs/erikg/phrs/.wg-worktrees/agent-2594/paper_prep/_brainstorming/pedigree_direct_sweepga_concordance/inputs/PAN028mat_vs_PAN027_hap1.target.fa
[FastGA] Calling FastGA: /home/erikg/.cargo/bin/FastGA -1:_tmp_11457_0.1aln -T8 -f2 PAN028mat_vs_PAN027_hap1.query.fa PAN028mat_vs_PAN027_hap1.target.fa (in dir: /moosefs/erikg/phrs/.wg-worktrees/agent-2594/paper_prep/_brainstorming/pedigree_direct_sweepga_concordance/inputs, TMPDIR=/tmp/sweepga.PAN028mat_vs_PAN027_hap1.1704269.qw2Czq)
[FastGA] FastGA completed, converting .1aln to PAF
[FastGA] Conversion completed successfully, output size: 3610711 bytes
[INFO ] [sweepga::align 35.0s] fastga alignment complete (34.9s)  (rss:8.67 MB disk:3.44 MB peak_disk:2.08 GB)
[INFO ] [sweepga::parse 35.0s] Parsing input PAF: /tmp/sweepga.PAN028mat_vs_PAN027_hap1.1704269.qw2Czq/.tmpo2oupS  (rss:8.67 MB disk:3.44 MB peak_disk:2.08 GB)
[INFO ] [sweepga] Plane sweep filtering (no scaffolding)
[INFO ] [sweepga] Summary: 1308 → 1308 mappings (100.0% kept)
[INFO ] [sweepga]   Output: 29.2 Mb total, 92.6% avg identity
[INFO ] [sweepga::done] align:34.9s filter:0.1s total:35.0s cpu:0.0x rss:8.67 MB disk_peak:2.08 GB disk_written:2.08 GB
finished_utc=2026-06-20T14:19:43Z
output=/moosefs/erikg/phrs/.wg-worktrees/agent-2594/paper_prep/_brainstorming/pedigree_direct_sweepga_concordance/raw_paf/PAN028mat_vs_PAN027_hap1.sweepga_many_many_j0.paf.gz
bytes=720778
