bash: warning: setlocale: LC_ALL: cannot change locale (en_US.UTF-8)
started_utc=2026-06-23T22:40:15Z
host=octopus10
job_id=1706270
array_task_id=11
comparison_id=PAN028mat_vs_PAN027_joint
chop_length=2000
chunk_mode=query-grid
threads=16
pigz_compression_level=-1
scratch_dir=/dev/shm/sweepga_qgrid.1706270.11.Vxssfu
raw_paf=/moosefs/erikg/phrs/.wg-worktrees/agent-2649/paper_prep/_brainstorming/pedigree_whole_genome_sweepga_fastga_frequency16/raw_paf/PAN028mat_vs_PAN027_joint.sweepga_frequency16_many_many_j0.paf.gz
chopped_paf=/moosefs/erikg/phrs/.wg-worktrees/agent-2700/paper_prep/_brainstorming/pedigree_whole_genome_sweepga_fastga_frequency16/chopped_paf_qgrid_l2000_o0/PAN028mat_vs_PAN027_joint.chopped_l2000_o0_query_grid.paf.gz
filtered_paf=/moosefs/erikg/phrs/.wg-worktrees/agent-2700/paper_prep/_brainstorming/pedigree_whole_genome_sweepga_fastga_frequency16/filtered_paf_chop_sensitivity_query_grid/l2000/PAN028mat_vs_PAN027_joint.one_to_one_ani_o0.chopped_l2000_o0_query_grid.paf.gz
pafchop_bin=/moosefs/erikg/phrs/.wg-worktrees/agent-2700/target/release/pafchop
pafchop_sha256=7595f929038d024e2d9e880607047b407f69e93380d8f8ceca5e443e19722ac7
sweepga_bin=/home/erikg/.cargo/bin/sweepga
sweepga_sha256=a0d7ac0c3312080d67de96d85cdcad9ce0c5a7e523897109b7f598c186ab85a6
pigz_bin=/usr/bin/pigz
pigz_sha256=b5024b8518004179f7486cb9a05aa5c97bb165565e9dcac2092d709c05ee0dca
chop_command=/usr/bin/pigz -dc /moosefs/erikg/phrs/.wg-worktrees/agent-2649/paper_prep/_brainstorming/pedigree_whole_genome_sweepga_fastga_frequency16/raw_paf/PAN028mat_vs_PAN027_joint.sweepga_frequency16_many_many_j0.paf.gz | /moosefs/erikg/phrs/.wg-worktrees/agent-2700/target/release/pafchop --length 2000 --overlap 0 --chunk-mode query-grid --comparison-id PAN028mat_vs_PAN027_joint --summary /moosefs/erikg/phrs/.wg-worktrees/agent-2700/paper_prep/_brainstorming/pedigree_whole_genome_sweepga_fastga_frequency16/summaries/pafchop_qgrid_l2000_o0/PAN028mat_vs_PAN027_joint.summary.tsv.tmp.1706270.11 | /usr/bin/pigz -1 -p 16 > /moosefs/erikg/phrs/.wg-worktrees/agent-2700/paper_prep/_brainstorming/pedigree_whole_genome_sweepga_fastga_frequency16/chopped_paf_qgrid_l2000_o0/PAN028mat_vs_PAN027_joint.chopped_l2000_o0_query_grid.paf.gz.tmp.1706270.11
filter_command=/usr/bin/pigz -dc /moosefs/erikg/phrs/.wg-worktrees/agent-2700/paper_prep/_brainstorming/pedigree_whole_genome_sweepga_fastga_frequency16/chopped_paf_qgrid_l2000_o0/PAN028mat_vs_PAN027_joint.chopped_l2000_o0_query_grid.paf.gz > /dev/shm/sweepga_qgrid.1706270.11.Vxssfu/input.paf && /home/erikg/.cargo/bin/sweepga --num-mappings 1:1 --scaffold-jump 0 --scoring ani --overlap 0 --output-file /dev/shm/sweepga_qgrid.1706270.11.Vxssfu/filtered.paf /dev/shm/sweepga_qgrid.1706270.11.Vxssfu/input.paf && /usr/bin/pigz -1 -p 16 -c /dev/shm/sweepga_qgrid.1706270.11.Vxssfu/filtered.paf > /moosefs/erikg/phrs/.wg-worktrees/agent-2700/paper_prep/_brainstorming/pedigree_whole_genome_sweepga_fastga_frequency16/filtered_paf_chop_sensitivity_query_grid/l2000/PAN028mat_vs_PAN027_joint.one_to_one_ani_o0.chopped_l2000_o0_query_grid.paf.gz.tmp.1706270.11
[INFO ] [sweepga::start 0.0s] 2026-06-24 06:30:42 | /home/erikg/.cargo/bin/sweepga --num-mappings 1:1 --scaffold-jump 0 --scoring ani --overlap 0 --output-file /dev/shm/sweepga_qgrid.1706270.11.Vxssfu/filtered.paf /dev/shm/sweepga_qgrid.1706270.11.Vxssfu/input.paf  (rss:4.36 MB disk:0 bytes peak_disk:0 bytes)
[INFO ] [sweepga::detect 0.0s] Input 1: /dev/shm/sweepga_qgrid.1706270.11.Vxssfu/input.paf (Paf)  (rss:4.36 MB disk:0 bytes peak_disk:0 bytes)
[E::fai_build_core] Format error, unexpected "P" at line 1
[INFO ] [sweepga::parse 0.0s] Parsing input PAF: /dev/shm/sweepga_qgrid.1706270.11.Vxssfu/input.paf  (rss:7.18 MB disk:0 bytes peak_disk:0 bytes)
[INFO ] [sweepga] Plane sweep: 26495029 → 1463722 mappings
[INFO ] [sweepga] Plane sweep filtering (no scaffolding)
[INFO ] [sweepga] Summary: 26495029 → 1463722 mappings (5.5% kept)
[INFO ] [sweepga]   Output: 2918.0 Mb total, 99.9% avg identity
[INFO ] [sweepga::done] total:564.2s cpu:1.0x rss:16.44 GB disk_peak:0 bytes disk_written:0 bytes
finished_utc=2026-06-24T06:40:08Z
