## unequal_1to1_default_log_length_ani
command=/home/erikg/.cargo/bin/sweepga /moosefs/erikg/phrs/.wg-worktrees/agent-2671/paper_prep/_brainstorming/pedigree_whole_genome_sweepga_fastga_frequency16/synthetic_paf_filter_audit/unequal_length_competition.paf --output-file /moosefs/erikg/phrs/.wg-worktrees/agent-2671/paper_prep/_brainstorming/pedigree_whole_genome_sweepga_fastga_frequency16/synthetic_paf_filter_audit/outputs/unequal_1to1_default_log_length_ani.paf --num-mappings 1:1 --scaffold-jump 0 
## unequal_1to1_scoring_ani
command=/home/erikg/.cargo/bin/sweepga /moosefs/erikg/phrs/.wg-worktrees/agent-2671/paper_prep/_brainstorming/pedigree_whole_genome_sweepga_fastga_frequency16/synthetic_paf_filter_audit/unequal_length_competition.paf --output-file /moosefs/erikg/phrs/.wg-worktrees/agent-2671/paper_prep/_brainstorming/pedigree_whole_genome_sweepga_fastga_frequency16/synthetic_paf_filter_audit/outputs/unequal_1to1_scoring_ani.paf --num-mappings 1:1 --scaffold-jump 0 --scoring ani 
## unequal_manymany_default
command=/home/erikg/.cargo/bin/sweepga /moosefs/erikg/phrs/.wg-worktrees/agent-2671/paper_prep/_brainstorming/pedigree_whole_genome_sweepga_fastga_frequency16/synthetic_paf_filter_audit/unequal_length_competition.paf --output-file /moosefs/erikg/phrs/.wg-worktrees/agent-2671/paper_prep/_brainstorming/pedigree_whole_genome_sweepga_fastga_frequency16/synthetic_paf_filter_audit/outputs/unequal_manymany_default.paf --num-mappings many:many --scaffold-jump 0 
## unequal_manymany_scoring_ani
command=/home/erikg/.cargo/bin/sweepga /moosefs/erikg/phrs/.wg-worktrees/agent-2671/paper_prep/_brainstorming/pedigree_whole_genome_sweepga_fastga_frequency16/synthetic_paf_filter_audit/unequal_length_competition.paf --output-file /moosefs/erikg/phrs/.wg-worktrees/agent-2671/paper_prep/_brainstorming/pedigree_whole_genome_sweepga_fastga_frequency16/synthetic_paf_filter_audit/outputs/unequal_manymany_scoring_ani.paf --num-mappings many:many --scaffold-jump 0 --scoring ani 
## equal_1to1_default
command=/home/erikg/.cargo/bin/sweepga /moosefs/erikg/phrs/.wg-worktrees/agent-2671/paper_prep/_brainstorming/pedigree_whole_genome_sweepga_fastga_frequency16/synthetic_paf_filter_audit/equal_length_competition.paf --output-file /moosefs/erikg/phrs/.wg-worktrees/agent-2671/paper_prep/_brainstorming/pedigree_whole_genome_sweepga_fastga_frequency16/synthetic_paf_filter_audit/outputs/equal_1to1_default.paf --num-mappings 1:1 --scaffold-jump 0 
## equal_1to1_scoring_ani
command=/home/erikg/.cargo/bin/sweepga /moosefs/erikg/phrs/.wg-worktrees/agent-2671/paper_prep/_brainstorming/pedigree_whole_genome_sweepga_fastga_frequency16/synthetic_paf_filter_audit/equal_length_competition.paf --output-file /moosefs/erikg/phrs/.wg-worktrees/agent-2671/paper_prep/_brainstorming/pedigree_whole_genome_sweepga_fastga_frequency16/synthetic_paf_filter_audit/outputs/equal_1to1_scoring_ani.paf --num-mappings 1:1 --scaffold-jump 0 --scoring ani 
## columns_vs_cg_1to1_ani
command=/home/erikg/.cargo/bin/sweepga /moosefs/erikg/phrs/.wg-worktrees/agent-2671/paper_prep/_brainstorming/pedigree_whole_genome_sweepga_fastga_frequency16/synthetic_paf_filter_audit/columns_vs_cg_precedence.paf --output-file /moosefs/erikg/phrs/.wg-worktrees/agent-2671/paper_prep/_brainstorming/pedigree_whole_genome_sweepga_fastga_frequency16/synthetic_paf_filter_audit/outputs/columns_vs_cg_1to1_ani.paf --num-mappings 1:1 --scaffold-jump 0 --scoring ani 
## dv_overrides_columns_1to1_ani
command=/home/erikg/.cargo/bin/sweepga /moosefs/erikg/phrs/.wg-worktrees/agent-2671/paper_prep/_brainstorming/pedigree_whole_genome_sweepga_fastga_frequency16/synthetic_paf_filter_audit/dv_overrides_columns.paf --output-file /moosefs/erikg/phrs/.wg-worktrees/agent-2671/paper_prep/_brainstorming/pedigree_whole_genome_sweepga_fastga_frequency16/synthetic_paf_filter_audit/outputs/dv_overrides_columns_1to1_ani.paf --num-mappings 1:1 --scaffold-jump 0 --scoring ani 
## non_overlapping_1to1_ani
command=/home/erikg/.cargo/bin/sweepga /moosefs/erikg/phrs/.wg-worktrees/agent-2671/paper_prep/_brainstorming/pedigree_whole_genome_sweepga_fastga_frequency16/synthetic_paf_filter_audit/non_overlapping_many_many.paf --output-file /moosefs/erikg/phrs/.wg-worktrees/agent-2671/paper_prep/_brainstorming/pedigree_whole_genome_sweepga_fastga_frequency16/synthetic_paf_filter_audit/outputs/non_overlapping_1to1_ani.paf --num-mappings 1:1 --scaffold-jump 0 --scoring ani 
## non_overlapping_manymany_ani
command=/home/erikg/.cargo/bin/sweepga /moosefs/erikg/phrs/.wg-worktrees/agent-2671/paper_prep/_brainstorming/pedigree_whole_genome_sweepga_fastga_frequency16/synthetic_paf_filter_audit/non_overlapping_many_many.paf --output-file /moosefs/erikg/phrs/.wg-worktrees/agent-2671/paper_prep/_brainstorming/pedigree_whole_genome_sweepga_fastga_frequency16/synthetic_paf_filter_audit/outputs/non_overlapping_manymany_ani.paf --num-mappings many:many --scaffold-jump 0 --scoring ani 
## scaffold_disabled_row_probe
command=/home/erikg/.cargo/bin/sweepga /moosefs/erikg/phrs/.wg-worktrees/agent-2671/paper_prep/_brainstorming/pedigree_whole_genome_sweepga_fastga_frequency16/synthetic_paf_filter_audit/scaffold_chain_probe.paf --output-file /moosefs/erikg/phrs/.wg-worktrees/agent-2671/paper_prep/_brainstorming/pedigree_whole_genome_sweepga_fastga_frequency16/synthetic_paf_filter_audit/outputs/scaffold_disabled_row_probe.paf --num-mappings 1:1 --scaffold-jump 0 --scoring ani 
## scaffold_enabled_chain_probe
command=/home/erikg/.cargo/bin/sweepga /moosefs/erikg/phrs/.wg-worktrees/agent-2671/paper_prep/_brainstorming/pedigree_whole_genome_sweepga_fastga_frequency16/synthetic_paf_filter_audit/scaffold_chain_probe.paf --output-file /moosefs/erikg/phrs/.wg-worktrees/agent-2671/paper_prep/_brainstorming/pedigree_whole_genome_sweepga_fastga_frequency16/synthetic_paf_filter_audit/outputs/scaffold_enabled_chain_probe.paf --num-mappings 1:1 --scaffold-jump 50 --scaffold-mass 100 --scaffold-overlap 0.5 --scoring ani 
