This is pdfTeX, Version 3.141592653-2.6-1.40.26 (TeX Live 2025/dev/Debian) (preloaded format=pdflatex 2026.2.17)  31 MAY 2026 16:20
entering extended mode
 restricted \write18 enabled.
 %&-line parsing enabled.
**paper
(./paper.tex
LaTeX2e <2024-11-01> patch level 2
L3 programming layer <2025-01-18>
(./jnl.cls
Document Class: jnl 2019/11/18 v0.1: An authoring template for Springer Journal
 articles
(/usr/share/texlive/texmf-dist/tex/latex/base/article.cls
Document Class: article 2024/06/29 v1.4n Standard LaTeX document class
(/usr/share/texlive/texmf-dist/tex/latex/base/fleqn.clo
File: fleqn.clo 2016/12/29 v1.2b Standard LaTeX option (flush left equations)
\mathindent=\skip49
Applying: [2015/01/01] Make \[ robust on input line 50.
LaTeX Info: Redefining \[ on input line 51.
Already applied: [0000/00/00] Make \[ robust on input line 62.
Applying: [2015/01/01] Make \] robust on input line 74.
LaTeX Info: Redefining \] on input line 75.
Already applied: [0000/00/00] Make \] robust on input line 83.
)
(/usr/share/texlive/texmf-dist/tex/latex/base/size10.clo
File: size10.clo 2024/06/29 v1.4n Standard LaTeX file (size option)
)
\c@part=\count196
\c@section=\count197
\c@subsection=\count198
\c@subsubsection=\count199
\c@paragraph=\count266
\c@subparagraph=\count267
\c@figure=\count268
\c@table=\count269
\abovecaptionskip=\skip50
\belowcaptionskip=\skip51
\bibindent=\dimen141
)
LaTeX Info: Redefining \rm on input line 138.
LaTeX Info: Redefining \sf on input line 139.
LaTeX Info: Redefining \tt on input line 140.
LaTeX Info: Redefining \bf on input line 141.
LaTeX Info: Redefining \it on input line 142.
LaTeX Info: Redefining \sl on input line 143.
LaTeX Info: Redefining \sc on input line 144.
LaTeX Info: Redefining \cal on input line 145.
LaTeX Info: Redefining \mit on input line 146.
LaTeX Info: Redefining \textsubscript on input line 204.
\columnhsize=\skip52

(/usr/share/texlive/texmf-dist/tex/latex/geometry/geometry.sty
Package: geometry 2020/01/02 v5.9 Page Geometry

(/usr/share/texlive/texmf-dist/tex/latex/graphics/keyval.sty
Package: keyval 2022/05/29 v1.15 key=value parser (DPC)
\KV@toks@=\toks17
)
(/usr/share/texlive/texmf-dist/tex/generic/iftex/ifvtex.sty
Package: ifvtex 2019/10/25 v1.7 ifvtex legacy package. Use iftex instead.

(/usr/share/texlive/texmf-dist/tex/generic/iftex/iftex.sty
Package: iftex 2024/12/12 v1.0g TeX engine tests
))
\Gm@cnth=\count270
\Gm@cntv=\count271
\c@Gm@tempcnt=\count272
\Gm@bindingoffset=\dimen142
\Gm@wd@mp=\dimen143
\Gm@odd@mp=\dimen144
\Gm@even@mp=\dimen145
\Gm@layoutwidth=\dimen146
\Gm@layoutheight=\dimen147
\Gm@layouthoffset=\dimen148
\Gm@layoutvoffset=\dimen149
\Gm@dimlist=\toks18
)
(/usr/share/texlive/texmf-dist/tex/latex/graphics/graphicx.sty
Package: graphicx 2021/09/16 v1.2d Enhanced LaTeX Graphics (DPC,SPQR)

(/usr/share/texlive/texmf-dist/tex/latex/graphics/graphics.sty
Package: graphics 2024/08/06 v1.4g Standard LaTeX Graphics (DPC,SPQR)

(/usr/share/texlive/texmf-dist/tex/latex/graphics/trig.sty
Package: trig 2023/12/02 v1.11 sin cos tan (DPC)
)
(/usr/share/texlive/texmf-dist/tex/latex/graphics-cfg/graphics.cfg
File: graphics.cfg 2016/06/04 v1.11 sample graphics configuration
)
Package graphics Info: Driver file: pdftex.def on input line 106.

(/usr/share/texlive/texmf-dist/tex/latex/graphics-def/pdftex.def
File: pdftex.def 2024/04/13 v1.2c Graphics/color driver for pdftex
))
\Gin@req@height=\dimen150
\Gin@req@width=\dimen151
)
(/usr/share/texlive/texmf-dist/tex/latex/multirow/multirow.sty
Package: multirow 2024/11/12 v2.9 Span multiple rows of a table
\multirow@colwidth=\skip53
\multirow@cntb=\count273
\multirow@dima=\skip54
\bigstrutjot=\dimen152
)
(/usr/share/texlive/texmf-dist/tex/latex/amsmath/amsmath.sty
Package: amsmath 2024/11/05 v2.17t AMS math features
\@mathmargin=\skip55

For additional information on amsmath, use the `?' option.
(/usr/share/texlive/texmf-dist/tex/latex/amsmath/amstext.sty
Package: amstext 2021/08/26 v2.01 AMS text

(/usr/share/texlive/texmf-dist/tex/latex/amsmath/amsgen.sty
File: amsgen.sty 1999/11/30 v2.0 generic functions
\@emptytoks=\toks19
\ex@=\dimen153
))
(/usr/share/texlive/texmf-dist/tex/latex/amsmath/amsbsy.sty
Package: amsbsy 1999/11/29 v1.2d Bold Symbols
\pmbraise@=\dimen154
)
(/usr/share/texlive/texmf-dist/tex/latex/amsmath/amsopn.sty
Package: amsopn 2022/04/08 v2.04 operator names
)
\inf@bad=\count274
LaTeX Info: Redefining \frac on input line 233.
\uproot@=\count275
\leftroot@=\count276
LaTeX Info: Redefining \overline on input line 398.
LaTeX Info: Redefining \colon on input line 409.
\classnum@=\count277
\DOTSCASE@=\count278
LaTeX Info: Redefining \ldots on input line 495.
LaTeX Info: Redefining \dots on input line 498.
LaTeX Info: Redefining \cdots on input line 619.
\Mathstrutbox@=\box52
\strutbox@=\box53
LaTeX Info: Redefining \big on input line 721.
LaTeX Info: Redefining \Big on input line 722.
LaTeX Info: Redefining \bigg on input line 723.
LaTeX Info: Redefining \Bigg on input line 724.
\big@size=\dimen155
LaTeX Font Info:    Redeclaring font encoding OML on input line 742.
LaTeX Font Info:    Redeclaring font encoding OMS on input line 743.
\macc@depth=\count279
LaTeX Info: Redefining \bmod on input line 904.
LaTeX Info: Redefining \pmod on input line 909.
LaTeX Info: Redefining \smash on input line 939.
LaTeX Info: Redefining \relbar on input line 969.
LaTeX Info: Redefining \Relbar on input line 970.
\c@MaxMatrixCols=\count280
\dotsspace@=\muskip17
\c@parentequation=\count281
\dspbrk@lvl=\count282
\tag@help=\toks20
\row@=\count283
\column@=\count284
\maxfields@=\count285
\andhelp@=\toks21
\eqnshift@=\dimen156
\alignsep@=\dimen157
\tagshift@=\dimen158
\tagwidth@=\dimen159
\totwidth@=\dimen160
\lineht@=\dimen161
\@envbody=\toks22
\multlinegap=\skip56
\multlinetaggap=\skip57
\mathdisplay@stack=\toks23
LaTeX Info: Redefining \[ on input line 2953.
LaTeX Info: Redefining \] on input line 2954.
)
(/usr/share/texlive/texmf-dist/tex/latex/amsfonts/amssymb.sty
Package: amssymb 2013/01/14 v3.01 AMS font symbols

(/usr/share/texlive/texmf-dist/tex/latex/amsfonts/amsfonts.sty
Package: amsfonts 2013/01/14 v3.01 Basic AMSFonts support
\symAMSa=\mathgroup4
\symAMSb=\mathgroup5
LaTeX Font Info:    Redeclaring math symbol \hbar on input line 98.
LaTeX Font Info:    Overwriting math alphabet `\mathfrak' in version `bold'
(Font)                  U/euf/m/n --> U/euf/b/n on input line 106.
))
(/usr/share/texlive/texmf-dist/tex/latex/amscls/amsthm.sty
Package: amsthm 2020/05/29 v2.20.6
\thm@style=\toks24
\thm@bodyfont=\toks25
\thm@headfont=\toks26
\thm@notefont=\toks27
\thm@headpunct=\toks28
\thm@preskip=\skip58
\thm@postskip=\skip59
\thm@headsep=\skip60
\dth@everypar=\toks29
)
(/usr/share/texlive/texmf-dist/tex/latex/jknapltx/mathrsfs.sty
Package: mathrsfs 1996/01/01 Math RSFS package v1.0 (jk)
\symrsfs=\mathgroup6
)
(/usr/share/texlive/texmf-dist/tex/latex/graphics/rotating.sty
Package: rotating 2016/08/11 v2.16d rotated objects in LaTeX

(/usr/share/texlive/texmf-dist/tex/latex/base/ifthen.sty
Package: ifthen 2024/03/16 v1.1e Standard LaTeX ifthen package (DPC)
)
\c@r@tfl@t=\count286
\rotFPtop=\skip61
\rotFPbot=\skip62
\rot@float@box=\box54
\rot@mess@toks=\toks30
)
(/usr/share/texlive/texmf-dist/tex/latex/appendix/appendix.sty
Package: appendix 2020/02/08 v1.2c extra appendix facilities
\c@@pps=\count287
\c@@ppsavesec=\count288
\c@@ppsaveapp=\count289
)
(/usr/share/texlive/texmf-dist/tex/latex/xcolor/xcolor.sty
Package: xcolor 2024/09/29 v3.02 LaTeX color extensions (UK)

(/usr/share/texlive/texmf-dist/tex/latex/graphics-cfg/color.cfg
File: color.cfg 2016/01/02 v1.6 sample color configuration
)
Package xcolor Info: Driver file: pdftex.def on input line 274.

(/usr/share/texlive/texmf-dist/tex/latex/graphics/mathcolor.ltx)
Package xcolor Info: Model `cmy' substituted by `cmy0' on input line 1349.
Package xcolor Info: Model `hsb' substituted by `rgb' on input line 1353.
Package xcolor Info: Model `RGB' extended on input line 1365.
Package xcolor Info: Model `HTML' substituted by `rgb' on input line 1367.
Package xcolor Info: Model `Hsb' substituted by `hsb' on input line 1368.
Package xcolor Info: Model `tHsb' substituted by `hsb' on input line 1369.
Package xcolor Info: Model `HSB' substituted by `hsb' on input line 1370.
Package xcolor Info: Model `Gray' substituted by `gray' on input line 1371.
Package xcolor Info: Model `wave' substituted by `hsb' on input line 1372.
)
(/usr/share/texlive/texmf-dist/tex/latex/base/textcomp.sty
Package: textcomp 2024/04/24 v2.1b Standard LaTeX package
)
(/usr/share/texlive/texmf-dist/tex/latex/ncctools/manyfoot.sty
Package: manyfoot 2019/08/03 v1.11 Many Footnote Levels Package (NCC)

(/usr/share/texlive/texmf-dist/tex/latex/ncctools/nccfoots.sty
Package: nccfoots 2005/02/03 v1.2 NCC Footnotes Package (NCC)
)
\MFL@columnwidth=\dimen162
)
(/usr/share/texlive/texmf-dist/tex/latex/booktabs/booktabs.sty
Package: booktabs 2020/01/12 v1.61803398 Publication quality tables
\heavyrulewidth=\dimen163
\lightrulewidth=\dimen164
\cmidrulewidth=\dimen165
\belowrulesep=\dimen166
\belowbottomsep=\dimen167
\aboverulesep=\dimen168
\abovetopsep=\dimen169
\cmidrulesep=\dimen170
\cmidrulekern=\dimen171
\defaultaddspace=\dimen172
\@cmidla=\count290
\@cmidlb=\count291
\@aboverulesep=\dimen173
\@belowrulesep=\dimen174
\@thisruleclass=\count292
\@lastruleclass=\count293
\@thisrulewidth=\dimen175
)
(/usr/share/texlive/texmf-dist/tex/latex/algorithms/algorithm.sty
Package: algorithm 2009/08/24 v0.1 Document Style `algorithm' - floating enviro
nment

(/usr/share/texlive/texmf-dist/tex/latex/float/float.sty
Package: float 2001/11/08 v1.3d Float enhancements (AL)
\c@float@type=\count294
\float@exts=\toks31
\float@box=\box55
\@float@everytoks=\toks32
\@floatcapt=\box56
)
\@float@every@algorithm=\toks33
\c@algorithm=\count295
)
(/usr/share/texlive/texmf-dist/tex/latex/algorithmicx/algorithmicx.sty
Package: algorithmicx 2005/04/27 v1.2 Algorithmicx

Document Style algorithmicx 1.2 - a greatly improved `algorithmic' style
\c@ALG@line=\count296
\c@ALG@rem=\count297
\c@ALG@nested=\count298
\ALG@tlm=\skip63
\ALG@thistlm=\skip64
\c@ALG@Lnr=\count299
\c@ALG@blocknr=\count300
\c@ALG@storecount=\count301
\c@ALG@tmpcounter=\count302
\ALG@tmplength=\skip65
) (/usr/share/texlive/texmf-dist/tex/latex/algorithmicx/algpseudocode.sty
Package: algpseudocode 

Document Style - pseudocode environments for use with the `algorithmicx' style
) (/usr/share/texlive/texmf-dist/tex/latex/program/program.sty
\@gtempa=\dimen176
\@gtempa=\dimen177
\@gtempa=\dimen178
\@gtempa=\dimen179
\@gtempa=\dimen180
\@gtempa=\dimen181
\@gtempa=\dimen182
\@gtempa=\dimen183
\@gtempa=\dimen184
\@gtempa=\dimen185
\@gtempa=\dimen186
\@gtempa=\dimen187
\@gtempa=\dimen188
\@gtempa=\dimen189
\@gtempa=\dimen190
\@gtempa=\dimen191
\@gtempa=\dimen192
\@gtempa=\dimen193
\@gtempa=\dimen194
\@gtempa=\dimen195
\@gtempa=\dimen196
\@gtempa=\dimen197
\@gtempa=\dimen198
\@gtempa=\dimen199
\@gtempa=\dimen256
\@gtempa=\dimen257
\@gtempa=\dimen258
\@gtempa=\dimen259
\@gtempa=\dimen260
\@gtempa=\dimen261
\@gtempa=\dimen262
\@gtempa=\dimen263
\@gtempa=\dimen264
\@gtempa=\dimen265
\@gtempa=\dimen266
\@gtempa=\dimen267
\@gtempa=\dimen268
\@gtempa=\dimen269
\@gtempa=\dimen270
\@gtempa=\dimen271
\@gtempa=\dimen272
\@gtempa=\dimen273
\@gtempa=\dimen274
\@gtempa=\dimen275
\@gtempa=\dimen276
\@gtempa=\dimen277
\@gtempa=\dimen278
\@gtempa=\dimen279
\@gtempa=\dimen280
\@gtempa=\dimen281
\c@programline=\count303
\old@nxttabmar=\count304
\symeulerletters=\mathgroup7
\powersetbox=\box57


LaTeX Font Warning: Font shape `OT1/cmr/m/n' in size <16> not available
(Font)              size <17.28> substituted on input line 841.

LaTeX Font Info:    Calculating math sizes for size <16> on input line 841.

LaTeX Font Warning: Font shape `OML/cmm/m/it' in size <16> not available
(Font)              size <17.28> substituted on input line 841.


LaTeX Font Warning: Font shape `OMS/cmsy/m/n' in size <16> not available
(Font)              size <17.28> substituted on input line 841.

LaTeX Font Info:    Trying to load font information for U+msa on input line 841
.
(/usr/share/texlive/texmf-dist/tex/latex/amsfonts/umsa.fd
File: umsa.fd 2013/01/14 v3.01 AMS symbols A
)
LaTeX Font Info:    Trying to load font information for U+msb on input line 841
.

(/usr/share/texlive/texmf-dist/tex/latex/amsfonts/umsb.fd
File: umsb.fd 2013/01/14 v3.01 AMS symbols B
)
LaTeX Font Info:    Trying to load font information for U+rsfs on input line 84
1.

(/usr/share/texlive/texmf-dist/tex/latex/jknapltx/ursfs.fd
File: ursfs.fd 1998/03/24 rsfs font definition file (jk)
)

LaTeX Font Warning: Font shape `U/rsfs/m/n' in size <16> not available
(Font)              size <17.28> substituted on input line 841.

LaTeX Font Info:    Trying to load font information for U+eur on input line 841
.
(/usr/share/texlive/texmf-dist/tex/latex/amsfonts/ueur.fd
File: ueur.fd 2013/01/14 v3.01 Euler Roman
))
(/usr/share/texlive/texmf-dist/tex/latex/listings/listings.sty
\lst@mode=\count305
\lst@gtempboxa=\box58
\lst@token=\toks34
\lst@length=\count306
\lst@currlwidth=\dimen282
\lst@column=\count307
\lst@pos=\count308
\lst@lostspace=\dimen283
\lst@width=\dimen284
\lst@newlines=\count309
\lst@lineno=\count310
\lst@maxwidth=\dimen285

(/usr/share/texlive/texmf-dist/tex/latex/listings/lstpatch.sty
File: lstpatch.sty 2024/09/23 1.10c (Carsten Heinz)
)
(/usr/share/texlive/texmf-dist/tex/latex/listings/lstmisc.sty
File: lstmisc.sty 2024/09/23 1.10c (Carsten Heinz)
\c@lstnumber=\count311
\lst@skipnumbers=\count312
\lst@framebox=\box59
)
(/usr/share/texlive/texmf-dist/tex/latex/listings/listings.cfg
File: listings.cfg 2024/09/23 1.10c listings configuration
))
Package: listings 2024/09/23 1.10c (Carsten Heinz)
\artcatbox=\box60
\aucount=\count313
\corraucount=\count314
\punctcount=\count315
\emailcnt=\count316
\c@affn=\count317
\addcount=\count318
\PacsCount=\count319
\PacsTmpCnt=\count320
\FMremarkdim=\dimen286
\fmremarkbox=\box61
\opshortpage=\dimen287
\labelwidthi=\dimen288
\labelwidthii=\dimen289
\labelwidthiii=\dimen290
\labelwidthiv=\dimen291
\figwidth=\dimen292
\figheight=\dimen293
\sidecapwidth=\dimen294
\wrapcapline=\dimen295
\totalwrapline=\dimen296
\wraptotline=\dimen297
\figurebox=\box62
\wrapfigcapbox=\box63
\figcapbox=\box64
\capbox=\box65
\headwidthskip=\skip66
\tabcapbox=\box66
\temptbox=\box67
\tempdime=\dimen298
\tabhtdime=\dimen299

(/usr/share/texlive/texmf-dist/tex/latex/hyperref/hyperref.sty
Package: hyperref 2024-11-05 v7.01l Hypertext links for LaTeX

(/usr/share/texlive/texmf-dist/tex/latex/kvsetkeys/kvsetkeys.sty
Package: kvsetkeys 2022-10-05 v1.19 Key value parser (HO)
)
(/usr/share/texlive/texmf-dist/tex/generic/kvdefinekeys/kvdefinekeys.sty
Package: kvdefinekeys 2019-12-19 v1.6 Define keys (HO)
)
(/usr/share/texlive/texmf-dist/tex/generic/pdfescape/pdfescape.sty
Package: pdfescape 2019/12/09 v1.15 Implements pdfTeX's escape features (HO)

(/usr/share/texlive/texmf-dist/tex/generic/ltxcmds/ltxcmds.sty
Package: ltxcmds 2023-12-04 v1.26 LaTeX kernel commands for general use (HO)
)
(/usr/share/texlive/texmf-dist/tex/generic/pdftexcmds/pdftexcmds.sty
Package: pdftexcmds 2020-06-27 v0.33 Utility functions of pdfTeX for LuaTeX (HO
)

(/usr/share/texlive/texmf-dist/tex/generic/infwarerr/infwarerr.sty
Package: infwarerr 2019/12/03 v1.5 Providing info/warning/error messages (HO)
)
Package pdftexcmds Info: \pdf@primitive is available.
Package pdftexcmds Info: \pdf@ifprimitive is available.
Package pdftexcmds Info: \pdfdraftmode found.
))
(/usr/share/texlive/texmf-dist/tex/latex/hycolor/hycolor.sty
Package: hycolor 2020-01-27 v1.10 Color options for hyperref/bookmark (HO)
)
(/usr/share/texlive/texmf-dist/tex/latex/hyperref/nameref.sty
Package: nameref 2023-11-26 v2.56 Cross-referencing by name of section

(/usr/share/texlive/texmf-dist/tex/latex/refcount/refcount.sty
Package: refcount 2019/12/15 v3.6 Data extraction from label references (HO)
)
(/usr/share/texlive/texmf-dist/tex/generic/gettitlestring/gettitlestring.sty
Package: gettitlestring 2019/12/15 v1.6 Cleanup title references (HO)

(/usr/share/texlive/texmf-dist/tex/latex/kvoptions/kvoptions.sty
Package: kvoptions 2022-06-15 v3.15 Key value format for package options (HO)
))
\c@section@level=\count321
)
(/usr/share/texlive/texmf-dist/tex/latex/etoolbox/etoolbox.sty
Package: etoolbox 2025/02/11 v2.5l e-TeX tools for LaTeX (JAW)
\etb@tempcnta=\count322
)
(/usr/share/texlive/texmf-dist/tex/generic/stringenc/stringenc.sty
Package: stringenc 2019/11/29 v1.12 Convert strings between diff. encodings (HO
)
)
\@linkdim=\dimen300
\Hy@linkcounter=\count323
\Hy@pagecounter=\count324

(/usr/share/texlive/texmf-dist/tex/latex/hyperref/pd1enc.def
File: pd1enc.def 2024-11-05 v7.01l Hyperref: PDFDocEncoding definition (HO)
Now handling font encoding PD1 ...
... no UTF-8 mapping file for font encoding PD1
)
(/usr/share/texlive/texmf-dist/tex/generic/intcalc/intcalc.sty
Package: intcalc 2019/12/15 v1.3 Expandable calculations with integers (HO)
)
\Hy@SavedSpaceFactor=\count325

(/usr/share/texlive/texmf-dist/tex/latex/hyperref/puenc.def
File: puenc.def 2024-11-05 v7.01l Hyperref: PDF Unicode definition (HO)
Now handling font encoding PU ...
... no UTF-8 mapping file for font encoding PU
)
Package hyperref Info: Hyper figures OFF on input line 4157.
Package hyperref Info: Link nesting OFF on input line 4162.
Package hyperref Info: Hyper index ON on input line 4165.
Package hyperref Info: Plain pages OFF on input line 4172.
Package hyperref Info: Backreferencing OFF on input line 4177.
Package hyperref Info: Implicit mode ON; LaTeX internals redefined.
Package hyperref Info: Bookmarks ON on input line 4424.
\c@Hy@tempcnt=\count326

(/usr/share/texlive/texmf-dist/tex/latex/url/url.sty
\Urlmuskip=\muskip18
Package: url 2013/09/16  ver 3.4  Verb mode for urls, etc.
)
LaTeX Info: Redefining \url on input line 4763.
\XeTeXLinkMargin=\dimen301

(/usr/share/texlive/texmf-dist/tex/generic/bitset/bitset.sty
Package: bitset 2019/12/09 v1.3 Handle bit-vector datatype (HO)

(/usr/share/texlive/texmf-dist/tex/generic/bigintcalc/bigintcalc.sty
Package: bigintcalc 2019/12/15 v1.5 Expandable calculations on big integers (HO
)
))
\Fld@menulength=\count327
\Field@Width=\dimen302
\Fld@charsize=\dimen303
Package hyperref Info: Hyper figures OFF on input line 6042.
Package hyperref Info: Link nesting OFF on input line 6047.
Package hyperref Info: Hyper index ON on input line 6050.
Package hyperref Info: backreferencing OFF on input line 6057.
Package hyperref Info: Link coloring OFF on input line 6062.
Package hyperref Info: Link coloring with OCG OFF on input line 6067.
Package hyperref Info: PDF/A mode OFF on input line 6072.

(/usr/share/texlive/texmf-dist/tex/latex/base/atbegshi-ltx.sty
Package: atbegshi-ltx 2021/01/10 v1.0c Emulation of the original atbegshi
package with kernel methods
)
\Hy@abspage=\count328
\c@Item=\count329
\c@Hfootnote=\count330
)
Package hyperref Info: Driver (autodetected): hpdftex.

(/usr/share/texlive/texmf-dist/tex/latex/hyperref/hpdftex.def
File: hpdftex.def 2024-11-05 v7.01l Hyperref driver for pdfTeX

(/usr/share/texlive/texmf-dist/tex/latex/base/atveryend-ltx.sty
Package: atveryend-ltx 2020/08/19 v1.0a Emulation of the original atveryend pac
kage
with kernel methods
)
\Fld@listcount=\count331
\c@bookmark@seq@number=\count332

(/usr/share/texlive/texmf-dist/tex/latex/rerunfilecheck/rerunfilecheck.sty
Package: rerunfilecheck 2022-07-10 v1.10 Rerun checks for auxiliary files (HO)

(/usr/share/texlive/texmf-dist/tex/generic/uniquecounter/uniquecounter.sty
Package: uniquecounter 2019/12/15 v1.4 Provide unlimited unique counter (HO)
)
Package uniquecounter Info: New unique counter `rerunfilecheck' on input line 2
85.
)
\Hy@SectionHShift=\skip67
)
Package hyperref Info: Option `colorlinks' set `true' on input line 1488.
Package hyperref Info: Option `breaklinks' set `true' on input line 1488.
Package hyperref Info: Option `plainpages' set `false' on input line 1488.
Package hyperref Info: Option `bookmarksopen' set `true' on input line 1488.
Package hyperref Info: Option `bookmarksnumbered' set `false' on input line 148
8.

(/usr/share/texlive/texmf-dist/tex/latex/wrapfig/wrapfig.sty
\wrapoverhang=\dimen304
\WF@size=\dimen305
\c@WF@wrappedlines=\count333
\WF@box=\box68
\WF@everypar=\toks35
Package: wrapfig 2003/01/31  v 3.6
)
\wraplines=\count334
\@authorfigbox=\box69
\@authorfigboxdim=\skip68
\biofigadjskip=\skip69

(/usr/share/texlive/texmf-dist/tex/latex/natbib/natbib.sty
Package: natbib 2010/09/13 8.31b (PWD, AO)
\bibhang=\skip70
\bibsep=\skip71
LaTeX Info: Redefining \cite on input line 694.
\c@NAT@ctr=\count335
))
(/usr/share/texlive/texmf-dist/tex/latex/caption/caption.sty
Package: caption 2023/08/05 v3.6o Customizing captions (AR)

(/usr/share/texlive/texmf-dist/tex/latex/caption/caption3.sty
Package: caption3 2023/07/31 v2.4d caption3 kernel (AR)
\caption@tempdima=\dimen306
\captionmargin=\dimen307
\caption@leftmargin=\dimen308
\caption@rightmargin=\dimen309
\caption@width=\dimen310
\caption@indent=\dimen311
\caption@parindent=\dimen312
\caption@hangindent=\dimen313
Package caption Info: Unknown document class (or package),
(caption)             standard defaults will be used.
Package caption Info: \@makecaption = \long macro:#1#2->\ifx \FigName \@captype
 \vskip \abovecaptionskip \@figurecaption {#1}{#2} \else \@tablecaption {#1}{#2
} \vskip \belowcaptionskip \fi  on input line 1175.
)

Package caption Warning: Unknown document class (or package),
(caption)                standard defaults will be used.
See the caption package documentation for explanation.

\c@caption@flags=\count336
\c@continuedfloat=\count337
Package caption Info: float package is loaded.
Package caption Info: hyperref package is loaded.
Package caption Info: listings package is loaded.
Package caption Info: rotating package is loaded.
Package caption Info: wrapfig package is loaded.
) (/usr/share/texlive/texmf-dist/tex/latex/caption/subcaption.sty
Package: subcaption 2023/07/28 v1.6b Sub-captions (AR)
Package caption Info: New subtype `subfigure' on input line 238.
\c@subfigure=\count338
Package caption Info: New subtype `subtable' on input line 238.
\c@subtable=\count339
)
(/usr/share/texlive/texmf-dist/tex/latex/multibib/multibib.sty
Package: multibib 2008/12/10 v1.4 Multiple bibliographies for one document.
\mb@biblabelwidth=\count340
)
\@auxoutMeth=\write3
 (./Meth.aux)
\openout3 = `Meth.aux'.

\@auxoutSupp=\write4

(./Supp.aux)
\openout4 = `Supp.aux'.

 (/usr/share/texlive/texmf-dist/tex/latex/paralist/paralist.sty
Package: paralist 2017/01/22 v2.7 Extended list environments
\pltopsep=\skip72
\plpartopsep=\skip73
\plitemsep=\skip74
\plparsep=\skip75
\pl@lab=\toks36
)
(/usr/share/texlive/texmf-dist/tex/latex/siunitx/siunitx.sty
Package: siunitx 2025-02-27 v3.4.6 A comprehensive (SI) units package
\l__siunitx_number_uncert_offset_int=\count341
\l__siunitx_number_exponent_fixed_int=\count342
\l__siunitx_number_min_decimal_int=\count343
\l__siunitx_number_min_integer_int=\count344
\l__siunitx_number_round_precision_int=\count345
\l__siunitx_number_lower_threshold_int=\count346
\l__siunitx_number_upper_threshold_int=\count347
\l__siunitx_number_group_first_int=\count348
\l__siunitx_number_group_size_int=\count349
\l__siunitx_number_group_minimum_int=\count350
\l__siunitx_angle_tmp_dim=\dimen314
\l__siunitx_angle_marker_box=\box70
\l__siunitx_angle_unit_box=\box71
\l__siunitx_compound_count_int=\count351

(/usr/share/texlive/texmf-dist/tex/latex/translations/translations.sty
Package: translations 2022/02/05 v1.12 internationalization of LaTeX2e packages
 (CN)
)
\l__siunitx_table_tmp_box=\box72
\l__siunitx_table_tmp_dim=\dimen315
\l__siunitx_table_column_width_dim=\dimen316
\l__siunitx_table_integer_box=\box73
\l__siunitx_table_decimal_box=\box74
\l__siunitx_table_uncert_box=\box75
\l__siunitx_table_before_box=\box76
\l__siunitx_table_after_box=\box77
\l__siunitx_table_before_dim=\dimen317
\l__siunitx_table_carry_dim=\dimen318
\l__siunitx_unit_tmp_int=\count352
\l__siunitx_unit_position_int=\count353
\l__siunitx_unit_total_int=\count354

(/usr/share/texlive/texmf-dist/tex/latex/tools/array.sty
Package: array 2024/10/17 v2.6g Tabular extension package (FMi)
\col@sep=\dimen319
\ar@mcellbox=\box78
\extrarowheight=\dimen320
\NC@list=\toks37
\extratabsurround=\skip76
\backup@length=\skip77
\ar@cellbox=\box79
))
Package translations Info: No language package found. I am going to use `englis
h' as default language. on input line 40.

(/usr/share/texlive/texmf-dist/tex/latex/l3backend/l3backend-pdftex.def
File: l3backend-pdftex.def 2024-05-08 L3 backend support: PDF output (pdfTeX)
\l__color_backend_stack_int=\count355
\l__pdf_internal_box=\box80
)
(./paper.aux

Package natbib Warning: Citation `Nurk2022' multiply defined.


Package natbib Warning: Citation `hprc_hprcv2_2025' multiply defined.


Package natbib Warning: Citation `Guarracino2023' multiply defined.


Package natbib Warning: Citation `Garrison2024pggb' multiply defined.


Package natbib Warning: Citation `Francis2025' multiply defined.


Package natbib Warning: Citation `Zuo2021' multiply defined.


Package natbib Warning: Citation `Ulahannan2019' multiply defined.


Package natbib Warning: Citation `hic3d_cifi2025' multiply defined.


Package natbib Warning: Citation `Tan2018' multiply defined.


Package natbib Warning: Citation `Xu2025' multiply defined.


Package natbib Warning: Citation `Cechova2025' multiply defined.

)
\openout1 = `paper.aux'.

LaTeX Font Info:    Checking defaults for OML/cmm/m/it on input line 40.
LaTeX Font Info:    ... okay on input line 40.
LaTeX Font Info:    Checking defaults for OMS/cmsy/m/n on input line 40.
LaTeX Font Info:    ... okay on input line 40.
LaTeX Font Info:    Checking defaults for OT1/cmr/m/n on input line 40.
LaTeX Font Info:    ... okay on input line 40.
LaTeX Font Info:    Checking defaults for T1/cmr/m/n on input line 40.
LaTeX Font Info:    ... okay on input line 40.
LaTeX Font Info:    Checking defaults for TS1/cmr/m/n on input line 40.
LaTeX Font Info:    ... okay on input line 40.
LaTeX Font Info:    Checking defaults for OMX/cmex/m/n on input line 40.
LaTeX Font Info:    ... okay on input line 40.
LaTeX Font Info:    Checking defaults for U/cmr/m/n on input line 40.
LaTeX Font Info:    ... okay on input line 40.
LaTeX Font Info:    Checking defaults for PD1/pdf/m/n on input line 40.
LaTeX Font Info:    ... okay on input line 40.
LaTeX Font Info:    Checking defaults for PU/pdf/m/n on input line 40.
LaTeX Font Info:    ... okay on input line 40.
\footinsA=\insert252
\c@footnoteA=\count356
LaTeX Font Info:    Redeclaring symbol font `AMSa' on input line 40.
LaTeX Font Info:    Overwriting symbol font `AMSa' in version `normal'
(Font)                  U/msa/m/n --> U/msa/m/n on input line 40.
LaTeX Font Info:    Overwriting symbol font `AMSa' in version `bold'
(Font)                  U/msa/m/n --> U/msa/m/n on input line 40.

*geometry* driver: auto-detecting
*geometry* detected driver: pdftex
*geometry* verbose mode - [ preamble ] result:
* driver: pdftex
* paper: custom
* layout: <same size as paper>
* layoutoffset:(h,v)=(0.0pt,0.0pt)
* bindingoffset: 17.07164pt
* modes: twoside 
* h-part:(L,W,R)=(34.14331pt, 338.58778pt, 51.21498pt)
* v-part:(T,H,B)=(55.48286pt, 552.69478pt, 60.46211pt)
* \paperwidth=441.01772pt
* \paperheight=668.63976pt
* \textwidth=338.58778pt
* \textheight=552.69478pt
* \oddsidemargin=-21.05504pt
* \evensidemargin=-21.05501pt
* \topmargin=-38.22067pt
* \headheight=5.5pt
* \headsep=15.93355pt
* \topskip=10.0pt
* \footskip=28.45274pt
* \marginparwidth=34.1433pt
* \marginparsep=14.22636pt
* \columnsep=14.22636pt
* \skip\footins=8.0pt plus 4.0pt
* \hoffset=0.0pt
* \voffset=0.0pt
* \mag=1000
* \@twocolumnfalse
* \@twosidetrue
* \@mparswitchtrue
* \@reversemargintrue
* (1in=72.27pt=25.4mm, 1cm=28.453pt)

(/usr/share/texlive/texmf-dist/tex/context/base/mkii/supp-pdf.mkii
[Loading MPS to PDF converter (version 2006.09.02).]
\scratchcounter=\count357
\scratchdimen=\dimen321
\scratchbox=\box81
\nofMPsegments=\count358
\nofMParguments=\count359
\everyMPshowfont=\toks38
\MPscratchCnt=\count360
\MPscratchDim=\dimen322
\MPnumerator=\count361
\makeMPintoPDFobject=\count362
\everyMPtoPDFconversion=\toks39
) (/usr/share/texlive/texmf-dist/tex/latex/epstopdf-pkg/epstopdf-base.sty
Package: epstopdf-base 2020-01-24 v2.11 Base part for package epstopdf
Package epstopdf-base Info: Redefining graphics rule for `.eps' on input line 4
85.

(/usr/share/texlive/texmf-dist/tex/latex/latexconfig/epstopdf-sys.cfg
File: epstopdf-sys.cfg 2010/07/13 v1.3 Configuration of (r)epstopdf for TeX Liv
e
))
\c@lstlisting=\count363
Package hyperref Info: Link coloring ON on input line 40.

(./paper.out) (./paper.out)
\@outlinefile=\write5
\openout5 = `paper.out'.

Package caption Info: Begin \AtBeginDocument code.
Package caption Info: End \AtBeginDocument code.

(/usr/share/texlive/texmf-dist/tex/latex/translations/translations-basic-dictio
nary-english.trsl
File: translations-basic-dictionary-english.trsl (english translation file `tra
nslations-basic-dictionary')
)
Package translations Info: loading dictionary `translations-basic-dictionary' f
or `english'. on input line 40.


LaTeX Font Warning: Font shape `OT1/cmr/m/n' in size <10.53937> not available
(Font)              size <10.95> substituted on input line 59.

LaTeX Font Info:    Calculating math sizes for size <10.53937> on input line 59
.

LaTeX Font Warning: Font shape `OT1/cmr/bx/n' in size <10.53937> not available
(Font)              size <10.95> substituted on input line 59.


LaTeX Font Warning: Font shape `OML/cmm/b/it' in size <10.53937> not available
(Font)              size <10.95> substituted on input line 59.


LaTeX Font Warning: Font shape `OMS/cmsy/b/n' in size <10.53937> not available
(Font)              size <10.95> substituted on input line 59.


LaTeX Font Warning: Font shape `U/rsfs/m/n' in size <10.53937> not available
(Font)              size <10.95> substituted on input line 59.

LaTeX Font Info:    Calculating math sizes for size <5.01874> on input line 59.


LaTeX Font Warning: Font shape `OT1/cmr/bx/n' in size <3.51309> not available
(Font)              size <5> substituted on input line 59.


LaTeX Font Warning: Font shape `OT1/cmr/bx/n' in size <2.50937> not available
(Font)              size <5> substituted on input line 59.


LaTeX Font Warning: Font shape `OML/cmm/b/it' in size <3.51309> not available
(Font)              size <5> substituted on input line 59.


LaTeX Font Warning: Font shape `OML/cmm/b/it' in size <2.50937> not available
(Font)              size <5> substituted on input line 59.


LaTeX Font Warning: Font shape `OMS/cmsy/b/n' in size <3.51309> not available
(Font)              size <5> substituted on input line 59.


LaTeX Font Warning: Font shape `OMS/cmsy/b/n' in size <2.50937> not available
(Font)              size <5> substituted on input line 59.


LaTeX Font Warning: Font shape `U/rsfs/m/n' in size <3.51309> not available
(Font)              size <5> substituted on input line 59.


LaTeX Font Warning: Font shape `U/rsfs/m/n' in size <2.50937> not available
(Font)              size <5> substituted on input line 59.


LaTeX Font Warning: Font shape `OT1/cmr/m/n' in size <3.51309> not available
(Font)              size <5> substituted on input line 59.

LaTeX Font Info:    Calculating math sizes for size <10.03749> on input line 59
.



Underfull \vbox (badness 10000) has occurred while \output is active []

 [1

{/var/lib/texmf/fonts/map/pdftex/updmap/pdftex.map}]


Underfull \vbox (badness 10000) has occurred while \output is active []


Overfull \vbox (1.44444pt too high) has occurred while \output is active []


[2]


Underfull \vbox (badness 10000) has occurred while \output is active []


Overfull \vbox (1.44444pt too high) has occurred while \output is active []


[3]


Underfull \vbox (badness 10000) has occurred while \output is active []


Overfull \vbox (1.44444pt too high) has occurred while \output is active []


[4]
Underfull \hbox (badness 1946) in paragraph at lines 224--241
[]\OT1/cmr/m/n/10 Together these obser-va-tions describe a self-reinforcing loo
p: shared
 []




Underfull \vbox (badness 10000) has occurred while \output is active []


Overfull \vbox (1.44444pt too high) has occurred while \output is active []


[5] (./paper.bbl


Underfull \vbox (badness 10000) has occurred while \output is active []


Overfull \vbox (1.44444pt too high) has occurred while \output is active []


[6

]


Underfull \vbox (badness 10000) has occurred while \output is active []


Overfull \vbox (1.44444pt too high) has occurred while \output is active []


[7]


Underfull \vbox (badness 10000) has occurred while \output is active []


Overfull \vbox (1.44444pt too high) has occurred while \output is active []


[8]
Underfull \hbox (badness 2409) in paragraph at lines 531--555
\OT1/cmr/m/n/10 ri-son, E.: Recom-bi-na-tion between het-erol-o-gous human acro
-cen-tric
 []




Underfull \vbox (badness 10000) has occurred while \output is active []


Overfull \vbox (1.44444pt too high) has occurred while \output is active []


[9]
Underfull \hbox (badness 1132) in paragraph at lines 700--712
[]\OT1/cmr/m/n/10 Zickler, D., Kleck-ner, N.: Recom-bi-na-tion, pair-ing, and s
ynap-sis of
 []




Underfull \vbox (badness 10000) has occurred while \output is active []


Overfull \vbox (1.44444pt too high) has occurred while \output is active []


[10]
Underfull \hbox (badness 3919) in paragraph at lines 856--865
[]\OT1/cmr/m/n/10 Cechova, M., et al.: Telomere-to-telomere assem-bly of a mult
i-
 []


Underfull \hbox (badness 1152) in paragraph at lines 856--865
\OT1/cmr/m/n/10 generation human pedi-gree. (in press) (2025). WashU 3-generati
on
 []




Underfull \vbox (badness 10000) has occurred while \output is active []


Overfull \vbox (1.44444pt too high) has occurred while \output is active []


[11])


Underfull \vbox (badness 10000) has occurred while \output is active []


Overfull \vbox (1.44444pt too high) has occurred while \output is active []


[12]
<fig/MainFigures/Fig1a_genomewide.png, id=243, 2055.68pt x 899.36pt>
File: fig/MainFigures/Fig1a_genomewide.png Graphic file (type png)
<use fig/MainFigures/Fig1a_genomewide.png>
Package pdftex.def Info: fig/MainFigures/Fig1a_genomewide.png  used on input li
ne 272.
(pdftex.def)             Requested size: 338.58778pt x 148.12726pt.
<fig/MainFigures/Fig1b_lengths.png, id=245, 2055.68pt x 1156.32pt>
File: fig/MainFigures/Fig1b_lengths.png Graphic file (type png)
<use fig/MainFigures/Fig1b_lengths.png>
Package pdftex.def Info: fig/MainFigures/Fig1b_lengths.png  used on input line 
273.
(pdftex.def)             Requested size: 338.58778pt x 190.44933pt.
<fig/MainFigures/Fig2a_pggb_layout.png, id=246, 1927.2pt x 1084.05pt>
File: fig/MainFigures/Fig2a_pggb_layout.png Graphic file (type png)
<use fig/MainFigures/Fig2a_pggb_layout.png>
Package pdftex.def Info: fig/MainFigures/Fig2a_pggb_layout.png  used on input l
ine 292.
(pdftex.def)             Requested size: 338.58778pt x 190.45595pt.
<fig/MainFigures/Fig2b_tree_jaccard.png, id=247, 2055.68pt x 1156.32pt>
File: fig/MainFigures/Fig2b_tree_jaccard.png Graphic file (type png)
<use fig/MainFigures/Fig2b_tree_jaccard.png>
Package pdftex.def Info: fig/MainFigures/Fig2b_tree_jaccard.png  used on input 
line 293.
(pdftex.def)             Requested size: 165.90987pt x 93.3191pt.
<fig/MainFigures/Fig2c_community_jaccard.png, id=248, 2055.68pt x 1156.32pt>
File: fig/MainFigures/Fig2c_community_jaccard.png Graphic file (type png)
<use fig/MainFigures/Fig2c_community_jaccard.png>
Package pdftex.def Info: fig/MainFigures/Fig2c_community_jaccard.png  used on i
nput line 294.
(pdftex.def)             Requested size: 165.90987pt x 93.3191pt.
LaTeX Font Info:    Trying to load font information for OMS+cmr on input line 3
08.
 (/usr/share/texlive/texmf-dist/tex/latex/base/omscmr.fd
File: omscmr.fd 2024/11/19 v2.5n Standard LaTeX font definitions
)
LaTeX Font Info:    Font shape `OMS/cmr/m/n' in size <9> not available
(Font)              Font shape `OMS/cmsy/m/n' tried instead on input line 308.



Underfull \vbox (badness 10000) has occurred while \output is active []


Overfull \vbox (1.44444pt too high) has occurred while \output is active []


[13

 <./fig/MainFigures/Fig1a_genomewide.png> <./fig/MainFigures/Fig1b_lengths.png>
]
<fig/MainFigures/Fig3a_C1_chr4q.png, id=259, 1795.70876pt x 278.03876pt>
File: fig/MainFigures/Fig3a_C1_chr4q.png Graphic file (type png)
<use fig/MainFigures/Fig3a_C1_chr4q.png>
Package pdftex.def Info: fig/MainFigures/Fig3a_C1_chr4q.png  used on input line
 314.
(pdftex.def)             Requested size: 338.58778pt x 52.42487pt.
<fig/MainFigures/Fig3a_C1_chr10q.png, id=260, 1795.70876pt x 294.09875pt>
File: fig/MainFigures/Fig3a_C1_chr10q.png Graphic file (type png)
<use fig/MainFigures/Fig3a_C1_chr10q.png>
Package pdftex.def Info: fig/MainFigures/Fig3a_C1_chr10q.png  used on input lin
e 315.
(pdftex.def)             Requested size: 338.58778pt x 55.45302pt.
<fig/MainFigures/Fig3b_C2_chr10p.png, id=261, 1795.70876pt x 229.85875pt>
File: fig/MainFigures/Fig3b_C2_chr10p.png Graphic file (type png)
<use fig/MainFigures/Fig3b_C2_chr10p.png>
Package pdftex.def Info: fig/MainFigures/Fig3b_C2_chr10p.png  used on input lin
e 316.
(pdftex.def)             Requested size: 338.58778pt x 43.34041pt.
<fig/MainFigures/Fig3b_C2_chr18p.png, id=262, 1795.70876pt x 406.51875pt>
File: fig/MainFigures/Fig3b_C2_chr18p.png Graphic file (type png)
<use fig/MainFigures/Fig3b_C2_chr18p.png>
Package pdftex.def Info: fig/MainFigures/Fig3b_C2_chr18p.png  used on input lin
e 317.
(pdftex.def)             Requested size: 338.58778pt x 76.65007pt.
<fig/MainFigures/Fig3c_C11_chr5q.png, id=263, 1795.70876pt x 920.43875pt>
File: fig/MainFigures/Fig3c_C11_chr5q.png Graphic file (type png)
<use fig/MainFigures/Fig3c_C11_chr5q.png>
Package pdftex.def Info: fig/MainFigures/Fig3c_C11_chr5q.png  used on input lin
e 318.
(pdftex.def)             Requested size: 338.58778pt x 173.55092pt.
<fig/MainFigures/Fig3c_C11_chr6q.png, id=264, 1795.70876pt x 438.63875pt>
File: fig/MainFigures/Fig3c_C11_chr6q.png Graphic file (type png)
<use fig/MainFigures/Fig3c_C11_chr6q.png>
Package pdftex.def Info: fig/MainFigures/Fig3c_C11_chr6q.png  used on input lin
e 319.
(pdftex.def)             Requested size: 338.58778pt x 82.70638pt.


LaTeX Warning: Float too large for page by 56.68088pt on input line 332.


LaTeX Warning: `!h' float specifier changed to `!ht'.

<fig/MainFigures/Fig4a_human_scatter.png, id=265, 706.64pt x 313.17pt>
File: fig/MainFigures/Fig4a_human_scatter.png Graphic file (type png)
<use fig/MainFigures/Fig4a_human_scatter.png>
Package pdftex.def Info: fig/MainFigures/Fig4a_human_scatter.png  used on input
 line 336.
(pdftex.def)             Requested size: 338.58778pt x 150.05705pt.
<fig/MainFigures/Fig4b_porec_community.png, id=266, 1806.75pt x 1806.75pt>
File: fig/MainFigures/Fig4b_porec_community.png Graphic file (type png)
<use fig/MainFigures/Fig4b_porec_community.png>
Package pdftex.def Info: fig/MainFigures/Fig4b_porec_community.png  used on inp
ut line 337.
(pdftex.def)             Requested size: 203.15472pt x 203.15411pt.

LaTeX Warning: `!h' float specifier changed to `!ht'.

<fig/MainFigures/Fig5_pedigree_untangle.pdf, id=269, 1011.78pt x 1152.305pt>
File: fig/MainFigures/Fig5_pedigree_untangle.pdf Graphic file (type pdf)
<use fig/MainFigures/Fig5_pedigree_untangle.pdf>
Package pdftex.def Info: fig/MainFigures/Fig5_pedigree_untangle.pdf  used on in
put line 358.
(pdftex.def)             Requested size: 338.58778pt x 385.60698pt.

LaTeX Warning: `!h' float specifier changed to `!ht'.




Underfull \vbox (badness 10000) has occurred while \output is active []


Overfull \vbox (1.44444pt too high) has occurred while \output is active []


[14 <./fig/MainFigures/Fig2a_pggb_layout.png> <./fig/MainFigures/Fig2b_tree_jac
card.png> <./fig/MainFigures/Fig2c_community_jaccard.png>]
Underfull \hbox (badness 3158) in paragraph at lines 403--407
\OT1/cmr/m/n/10 For each hap-lo-type assem-bly we extracted the ter-mi-nal 500 
kb of
 []


Underfull \hbox (badness 1552) in paragraph at lines 403--407
\OT1/cmr/m/n/10 every con-tig clas-si-fied as p- or q-arm telomere-bearing (con
-tig length
 []


Underfull \hbox (badness 3219) in paragraph at lines 435--440
\OT1/cmtt/m/n/10 pggb -p 95 -D /scratch\OT1/cmr/m/n/10 ; \OT1/cmtt/m/n/10 odgi 
similarity --all -P \OT1/cmr/m/n/10 over the 15,668
 []


Underfull \hbox (badness 2828) in paragraph at lines 443--445
\OT1/cmr/m/n/10 Mean pair-wise sequence-level Jac-card dis-tance within each ar
m pair
 []




Underfull \vbox (badness 10000) has occurred while \output is active []


Overfull \vbox (1.44444pt too high) has occurred while \output is active []


[15]


Underfull \vbox (badness 10000) has occurred while \output is active []


Overfull \vbox (1.44444pt too high) has occurred while \output is active []


[16]
LaTeX Font Info:    Trying to load font information for OMS+cmtt on input line 
554.
 (/usr/share/texmf/tex/latex/R/tex/latex/omscmtt.fd
File: omscmtt.fd 
)
LaTeX Font Info:    Font shape `OMS/cmtt/m/n' in size <10.03749> not available
(Font)              Font shape `OMS/cmsy/m/n' tried instead on input line 554.



Underfull \vbox (badness 10000) has occurred while \output is active []


Overfull \vbox (1.44444pt too high) has occurred while \output is active []


[17]
Underfull \hbox (badness 10000) in paragraph at lines 558--570
\OT1/cmtt/m/n/10 odgi untangle nth-best=1 \OT1/cmr/m/n/10 per flank; high-quali
ty fil-ter
 []


Underfull \hbox (badness 7740) in paragraph at lines 558--570
\OT1/cmtt/m/n/10 min[]score $\OMS/cmsy/m/n/10 ^^U \OT1/cmr/m/n/10 0\OML/cmm/m/i
t/10 :\OT1/cmr/m/n/10 8$ with $500 [] \OMS/cmsy/m/n/10 ^^T [] ^^T \OT1/cmr/m/n/
10 100 []$; within-
 []


Underfull \hbox (badness 10000) in paragraph at lines 558--570
\OT1/cmr/m/n/10 Leiden fil-ter as cred-i-bil-ity con-straint; pat-tern clas-si-
fi-ca-tion via
 []


Underfull \hbox (badness 3769) in paragraph at lines 558--570
\OT1/cmr/m/n/10 tract lengths inter-preted along-side long-read pri-mate mei-ot
ic recom-
 []


Underfull \hbox (badness 2922) in paragraph at lines 558--570
\OT1/cmr/m/n/10 bi-na-tion (NCO 22--95 bp, CO-associated 318--688 bp) [[], []].
 The
 []


Underfull \hbox (badness 10000) in paragraph at lines 579--587
\OT1/cmr/m/n/10 and \OT1/cmtt/m/n/10 /moosefs/erikg/phrs/\OT1/cmr/m/n/10 ; CHM1
3-coordinate PHR BEDs in
 []


Underfull \hbox (badness 10000) in paragraph at lines 579--587
\OT1/cmtt/m/n/10 data/ \OT1/cmr/m/n/10 (\OT1/cmtt/m/n/10 data/chm13.phrs.bed\OT
1/cmr/m/n/10 , \OT1/cmtt/m/n/10 data/chm13.phrs.no[]acro.bed\OT1/cmr/m/n/10 ,
 []


Underfull \hbox (badness 1424) in paragraph at lines 579--587
\OT1/cmtt/m/n/10 data/CHM13-HG002.sub-telo-phrs.bed\OT1/cmr/m/n/10 ). Re-alignm
ent scripts and com-
 []

(./Meth.bbl
pdfTeX warning (ext4): destination with the same identifier (name{cite.hprc_hpr
cv2_2025}) has been already used, duplicate ignored
<to be read again> 
                   \relax 
l.3 \bibitem{hprc_hprcv2_2025}
                              


Underfull \vbox (badness 10000) has occurred while \output is active []


Overfull \vbox (1.44444pt too high) has occurred while \output is active []


[18]
pdfTeX warning (ext4): destination with the same identifier (name{cite.Nurk2022
}) has been already used, duplicate ignored
<to be read again> 
                   \relax 
l.11 \bibitem{Nurk2022}
                       
pdfTeX warning (ext4): destination with the same identifier (name{cite.Guarraci
no2023}) has been already used, duplicate ignored
<to be read again> 
                   \relax 
l.46 \bibitem{Guarracino2023}
                             


Underfull \vbox (badness 10000) has occurred while \output is active []


Overfull \vbox (1.44444pt too high) has occurred while \output is active []


[19]
pdfTeX warning (ext4): destination with the same identifier (name{cite.Garrison
2024pggb}) has been already used, duplicate ignored
<to be read again> 
                   \relax 
l.87 \bibitem{Garrison2024pggb}
                               
Underfull \hbox (badness 1320) in paragraph at lines 88--99
[]\OT1/cmr/m/n/10 Erik Gar-ri-son, Andrea Guar-ra-cino, Simon Heumos, Flavia Vi
l-lani,
 []


Underfull \hbox (badness 2057) in paragraph at lines 111--122
\OT1/cmr/m/n/10 Andrea Guar-ra-cino, Peter Heringer, Philipp Ehmele, Pjotr Prin
s,
 []


Underfull \hbox (badness 3333) in paragraph at lines 111--122
\OT1/cmr/m/n/10 Erik Gar-ri-son, and Sven Nahnsen.  Cluster-efficient pangenome

 []


Underfull \hbox (badness 10000) in paragraph at lines 111--122
\OT1/cmr/m/n/10 graph con-struc-tion with nf-core/pangenome.  \OT1/cmr/m/it/10 
Bioin-for-mat-ics\OT1/cmr/m/n/10 ,
 []




Underfull \vbox (badness 10000) has occurred while \output is active []


Overfull \vbox (1.44444pt too high) has occurred while \output is active []


[20]
Underfull \hbox (badness 1097) in paragraph at lines 131--136
\OT1/cmr/m/n/10 Nau-mova, Anton Goloborodko, Bryan R. Lajoie, Job Dekker, and
 []


pdfTeX warning (ext4): destination with the same identifier (name{cite.Ulahanna
n2019}) has been already used, duplicate ignored
<to be read again> 
                   \relax 
l.137 \bibitem{Ulahannan2019}
                             
Underfull \hbox (badness 2245) in paragraph at lines 138--148
[]\OT1/cmr/m/n/10 Netha Ula-han-nan, Matthew Pendle-ton, Aditya Desh-pande, Ste
-fan
 []


pdfTeX warning (ext4): destination with the same identifier (name{cite.hic3d_ci
fi2025}) has been already used, duplicate ignored
<to be read again> 
                   \relax 
l.149 \bibitem{hic3d_cifi2025}
                              


Underfull \vbox (badness 10000) has occurred while \output is active []


Overfull \vbox (1.44444pt too high) has occurred while \output is active []


[21]
pdfTeX warning (ext4): destination with the same identifier (name{cite.Tan2018}
) has been already used, duplicate ignored
<to be read again> 
                   \relax 
l.180 \bibitem{Tan2018}
                       
pdfTeX warning (ext4): destination with the same identifier (name{cite.Xu2025})
 has been already used, duplicate ignored
<to be read again> 
                   \relax 
l.187 \bibitem{Xu2025}
                      
pdfTeX warning (ext4): destination with the same identifier (name{cite.Francis2
025}) has been already used, duplicate ignored
<to be read again> 
                   \relax 
l.212 \bibitem{Francis2025}
                           
Underfull \hbox (badness 1014) in paragraph at lines 213--220
\OT1/cmr/m/n/10 (GCA[]964188535) and CAST/EiJ (GCA[]964188545); B6 +208 Mb,
 []


pdfTeX warning (ext4): destination with the same identifier (name{cite.Zuo2021}
) has been already used, duplicate ignored
<to be read again> 
                   \relax 
l.221 \bibitem{Zuo2021}
                       
pdfTeX warning (ext4): destination with the same identifier (name{cite.Cechova2
025}) has been already used, duplicate ignored
<to be read again> 
                   \relax 
l.231 \bibitem{Cechova2025}
                           


Underfull \vbox (badness 10000) has occurred while \output is active []


Overfull \vbox (1.44444pt too high) has occurred while \output is active []


[22])


Underfull \vbox (badness 10000) has occurred while \output is active []


Overfull \vbox (1.44444pt too high) has occurred while \output is active []


[23]


Underfull \vbox (badness 10000) has occurred while \output is active []


Overfull \vbox (1.44444pt too high) has occurred while \output is active []


[24 <./fig/MainFigures/Fig3a_C1_chr4q.png> <./fig/MainFigures/Fig3a_C1_chr10q.p
ng> <./fig/MainFigures/Fig3b_C2_chr10p.png> <./fig/MainFigures/Fig3b_C2_chr18p.
png> <./fig/MainFigures/Fig3c_C11_chr5q.png> <./fig/MainFigures/Fig3c_C11_chr6q
.png>]


Underfull \vbox (badness 10000) has occurred while \output is active []


Overfull \vbox (1.44444pt too high) has occurred while \output is active []


[25 <./fig/MainFigures/Fig4a_human_scatter.png (PNG copy)> <./fig/MainFigures/F
ig4b_porec_community.png>]


Underfull \vbox (badness 10000) has occurred while \output is active []


Overfull \vbox (1.44444pt too high) has occurred while \output is active []


[26 <./fig/MainFigures/Fig5_pedigree_untangle.pdf>]
<fig/ExtendedDataFigures/ED_Fig1_mouse_zygotene.png, id=413, 722.7pt x 421.575p
t>
File: fig/ExtendedDataFigures/ED_Fig1_mouse_zygotene.png Graphic file (type png
)
<use fig/ExtendedDataFigures/ED_Fig1_mouse_zygotene.png>
Package pdftex.def Info: fig/ExtendedDataFigures/ED_Fig1_mouse_zygotene.png  us
ed on input line 615.
(pdftex.def)             Requested size: 338.58778pt x 197.50986pt.


Package natbib Warning: There were multiply defined citations.




Underfull \vbox (badness 10000) has occurred while \output is active []


Overfull \vbox (1.44444pt too high) has occurred while \output is active []


[27

 <./fig/ExtendedDataFigures/ED_Fig1_mouse_zygotene.png (PNG copy)>]
(./paper.aux)
 ***********
LaTeX2e <2024-11-01> patch level 2
L3 programming layer <2025-01-18>
 ***********


LaTeX Font Warning: Size substitutions with differences
(Font)              up to 2.49063pt have occurred.

Package rerunfilecheck Info: File `paper.out' has not changed.
(rerunfilecheck)             Checksum: AE5DA0F36F284E2F81AFE85FADAD2DAF;191.
 ) 
Here is how much of TeX's memory you used:
 20533 strings out of 475102
 380025 string characters out of 5764877
 752118 words of memory out of 5000000
 43127 multiletter control sequences out of 15000+600000
 581885 words of font info for 129 fonts, out of 8000000 for 9000
 69 hyphenation exceptions out of 8191
 90i,8n,93p,2160b,1351s stack positions out of 10000i,1000n,20000p,200000b,200000s
</usr/share/texlive/texmf-dist/fonts/type1/public/amsfonts/cm/cmbx10.pfb></us
r/share/texlive/texmf-dist/fonts/type1/public/amsfonts/cm/cmbx12.pfb></usr/shar
e/texlive/texmf-dist/fonts/type1/public/amsfonts/cm/cmbx8.pfb></usr/share/texli
ve/texmf-dist/fonts/type1/public/amsfonts/cm/cmbx9.pfb></usr/share/texlive/texm
f-dist/fonts/type1/public/amsfonts/cm/cmmi10.pfb></usr/share/texlive/texmf-dist
/fonts/type1/public/amsfonts/cm/cmmi7.pfb></usr/share/texlive/texmf-dist/fonts/
type1/public/amsfonts/cm/cmmi9.pfb></usr/share/texlive/texmf-dist/fonts/type1/p
ublic/amsfonts/cm/cmr10.pfb></usr/share/texlive/texmf-dist/fonts/type1/public/a
msfonts/cm/cmr17.pfb></usr/share/texlive/texmf-dist/fonts/type1/public/amsfonts
/cm/cmr5.pfb></usr/share/texlive/texmf-dist/fonts/type1/public/amsfonts/cm/cmr7
.pfb></usr/share/texlive/texmf-dist/fonts/type1/public/amsfonts/cm/cmr8.pfb></u
sr/share/texlive/texmf-dist/fonts/type1/public/amsfonts/cm/cmr9.pfb></usr/share
/texlive/texmf-dist/fonts/type1/public/amsfonts/cm/cmsy10.pfb></usr/share/texli
ve/texmf-dist/fonts/type1/public/amsfonts/cm/cmsy7.pfb></usr/share/texlive/texm
f-dist/fonts/type1/public/amsfonts/cm/cmsy9.pfb></usr/share/texlive/texmf-dist/
fonts/type1/public/amsfonts/cm/cmti10.pfb></usr/share/texlive/texmf-dist/fonts/
type1/public/amsfonts/cm/cmti9.pfb></usr/share/texlive/texmf-dist/fonts/type1/p
ublic/amsfonts/cm/cmtt10.pfb></usr/share/texlive/texmf-dist/fonts/type1/public/
amsfonts/cm/cmtt9.pfb>
Output written on paper.pdf (27 pages, 2034386 bytes).
PDF statistics:
 530 PDF objects out of 1000 (max. 8388607)
 433 compressed objects within 5 object streams
 125 named destinations out of 1000 (max. 500000)
 84 words of extra memory for PDF output out of 10000 (max. 10000000)

